{"C:\\Users\\koken\\OneDrive\\Documents\\GitHub\\payroll-automation\\backend\\src\\adapters\\hrmsAdapter.js": {"path":"C:\\Users\\koken\\OneDrive\\Documents\\GitHub\\payroll-automation\\backend\\src\\adapters\\hrmsAdapter.js","statementMap":{"0":{"start":{"line":1,"column":15},"end":{"line":1,"column":32}},"1":{"start":{"line":2,"column":19},"end":{"line":2,"column":44}},"2":{"start":{"line":4,"column":0},"end":{"line":30,"column":2}},"3":{"start":{"line":5,"column":4},"end":{"line":12,"column":5}},"4":{"start":{"line":6,"column":8},"end":{"line":11,"column":10}},"5":{"start":{"line":14,"column":4},"end":{"line":21,"column":5}},"6":{"start":{"line":15,"column":8},"end":{"line":20,"column":10}},"7":{"start":{"line":23,"column":4},"end":{"line":29,"column":6}}},"fnMap":{"0":{"name":"(anonymous_0)","decl":{"start":{"line":4,"column":15},"end":{"line":4,"column":16}},"loc":{"start":{"line":4,"column":34},"end":{"line":30,"column":1}},"line":4}},"branchMap":{"0":{"loc":{"start":{"line":5,"column":4},"end":{"line":12,"column":5}},"type":"if","locations":[{"start":{"line":5,"column":4},"end":{"line":12,"column":5}},{"start":{},"end":{}}],"line":5},"1":{"loc":{"start":{"line":14,"column":4},"end":{"line":21,"column":5}},"type":"if","locations":[{"start":{"line":14,"column":4},"end":{"line":21,"column":5}},{"start":{},"end":{}}],"line":14}},"s":{"0":11,"1":11,"2":11,"3":17,"4":0,"5":17,"6":4,"7":13},"f":{"0":17},"b":{"0":[0,17],"1":[4,13]},"_coverageSchema":"1a1c01bbd47fc00a2c39e90264f33305004495a9","hash":"78f77f6061be101211f1effbfdd221a09a45995f"}
,"C:\\Users\\koken\\OneDrive\\Documents\\GitHub\\payroll-automation\\backend\\src\\controllers\\auditController.js": {"path":"C:\\Users\\koken\\OneDrive\\Documents\\GitHub\\payroll-automation\\backend\\src\\controllers\\auditController.js","statementMap":{"0":{"start":{"line":1,"column":21},"end":{"line":1,"column":41}},"1":{"start":{"line":2,"column":17},"end":{"line":2,"column":45}},"2":{"start":{"line":4,"column":0},"end":{"line":11,"column":2}},"3":{"start":{"line":5,"column":4},"end":{"line":10,"column":36}},"4":{"start":{"line":6,"column":22},"end":{"line":6,"column":66}},"5":{"start":{"line":7,"column":23},"end":{"line":7,"column":52}},"6":{"start":{"line":8,"column":23},"end":{"line":8,"column":105}},"7":{"start":{"line":9,"column":8},"end":{"line":9,"column":61}},"8":{"start":{"line":10,"column":22},"end":{"line":10,"column":34}},"9":{"start":{"line":13,"column":0},"end":{"line":19,"column":2}},"10":{"start":{"line":14,"column":4},"end":{"line":18,"column":36}},"11":{"start":{"line":15,"column":20},"end":{"line":15,"column":58}},"12":{"start":{"line":16,"column":8},"end":{"line":16,"column":89}},"13":{"start":{"line":16,"column":18},"end":{"line":16,"column":89}},"14":{"start":{"line":17,"column":8},"end":{"line":17,"column":22}},"15":{"start":{"line":18,"column":22},"end":{"line":18,"column":34}}},"fnMap":{"0":{"name":"(anonymous_0)","decl":{"start":{"line":4,"column":15},"end":{"line":4,"column":16}},"loc":{"start":{"line":4,"column":41},"end":{"line":11,"column":1}},"line":4},"1":{"name":"(anonymous_1)","decl":{"start":{"line":13,"column":18},"end":{"line":13,"column":19}},"loc":{"start":{"line":13,"column":44},"end":{"line":19,"column":1}},"line":13}},"branchMap":{"0":{"loc":{"start":{"line":6,"column":38},"end":{"line":6,"column":59}},"type":"binary-expr","locations":[{"start":{"line":6,"column":38},"end":{"line":6,"column":53}},{"start":{"line":6,"column":57},"end":{"line":6,"column":59}}],"line":6},"1":{"loc":{"start":{"line":7,"column":30},"end":{"line":7,"column":51}},"type":"binary-expr","locations":[{"start":{"line":7,"column":30},"end":{"line":7,"column":46}},{"start":{"line":7,"column":50},"end":{"line":7,"column":51}}],"line":7},"2":{"loc":{"start":{"line":16,"column":8},"end":{"line":16,"column":89}},"type":"if","locations":[{"start":{"line":16,"column":8},"end":{"line":16,"column":89}},{"start":{},"end":{}}],"line":16}},"s":{"0":10,"1":10,"2":10,"3":1,"4":1,"5":1,"6":1,"7":1,"8":0,"9":10,"10":2,"11":2,"12":2,"13":1,"14":1,"15":1},"f":{"0":1,"1":2},"b":{"0":[1,0],"1":[1,0],"2":[1,1]},"_coverageSchema":"1a1c01bbd47fc00a2c39e90264f33305004495a9","hash":"eb0ba1bbfc1612cc2608f5eb72892de8b1e80e5e"}
,"C:\\Users\\koken\\OneDrive\\Documents\\GitHub\\payroll-automation\\backend\\src\\controllers\\authController.js": {"path":"C:\\Users\\koken\\OneDrive\\Documents\\GitHub\\payroll-automation\\backend\\src\\controllers\\authController.js","statementMap":{"0":{"start":{"line":1,"column":20},"end":{"line":1,"column":54}},"1":{"start":{"line":3,"column":0},"end":{"line":10,"column":2}},"2":{"start":{"line":4,"column":4},"end":{"line":9,"column":5}},"3":{"start":{"line":5,"column":23},"end":{"line":5,"column":82}},"4":{"start":{"line":6,"column":8},"end":{"line":6,"column":25}},"5":{"start":{"line":8,"column":8},"end":{"line":8,"column":20}},"6":{"start":{"line":12,"column":0},"end":{"line":18,"column":2}},"7":{"start":{"line":13,"column":4},"end":{"line":17,"column":5}},"8":{"start":{"line":14,"column":8},"end":{"line":14,"column":71}},"9":{"start":{"line":16,"column":8},"end":{"line":16,"column":20}},"10":{"start":{"line":20,"column":0},"end":{"line":27,"column":2}},"11":{"start":{"line":21,"column":4},"end":{"line":26,"column":5}},"12":{"start":{"line":22,"column":8},"end":{"line":22,"column":72}},"13":{"start":{"line":23,"column":8},"end":{"line":23,"column":58}},"14":{"start":{"line":25,"column":8},"end":{"line":25,"column":20}}},"fnMap":{"0":{"name":"(anonymous_0)","decl":{"start":{"line":3,"column":16},"end":{"line":3,"column":17}},"loc":{"start":{"line":3,"column":42},"end":{"line":10,"column":1}},"line":3},"1":{"name":"(anonymous_1)","decl":{"start":{"line":12,"column":13},"end":{"line":12,"column":14}},"loc":{"start":{"line":12,"column":39},"end":{"line":18,"column":1}},"line":12},"2":{"name":"(anonymous_2)","decl":{"start":{"line":20,"column":17},"end":{"line":20,"column":18}},"loc":{"start":{"line":20,"column":43},"end":{"line":27,"column":1}},"line":20}},"branchMap":{},"s":{"0":10,"1":10,"2":24,"3":24,"4":21,"5":3,"6":10,"7":1,"8":1,"9":0,"10":10,"11":1,"12":1,"13":1,"14":0},"f":{"0":24,"1":1,"2":1},"b":{},"_coverageSchema":"1a1c01bbd47fc00a2c39e90264f33305004495a9","hash":"6bae4f7222c07dde818f35d5e7f2c5c92d0473c4"}
,"C:\\Users\\koken\\OneDrive\\Documents\\GitHub\\payroll-automation\\backend\\src\\controllers\\paymentController.js": {"path":"C:\\Users\\koken\\OneDrive\\Documents\\GitHub\\payroll-automation\\backend\\src\\controllers\\paymentController.js","statementMap":{"0":{"start":{"line":1,"column":23},"end":{"line":1,"column":64}},"1":{"start":{"line":2,"column":25},"end":{"line":2,"column":71}},"2":{"start":{"line":3,"column":24},"end":{"line":3,"column":62}},"3":{"start":{"line":4,"column":21},"end":{"line":4,"column":56}},"4":{"start":{"line":6,"column":16},"end":{"line":6,"column":64}},"5":{"start":{"line":6,"column":26},"end":{"line":6,"column":63}},"6":{"start":{"line":8,"column":0},"end":{"line":12,"column":2}},"7":{"start":{"line":9,"column":4},"end":{"line":11,"column":36}},"8":{"start":{"line":10,"column":8},"end":{"line":10,"column":73}},"9":{"start":{"line":11,"column":22},"end":{"line":11,"column":34}},"10":{"start":{"line":14,"column":0},"end":{"line":21,"column":2}},"11":{"start":{"line":15,"column":4},"end":{"line":20,"column":5}},"12":{"start":{"line":16,"column":8},"end":{"line":16,"column":72}},"13":{"start":{"line":18,"column":8},"end":{"line":18,"column":216}},"14":{"start":{"line":19,"column":8},"end":{"line":19,"column":20}},"15":{"start":{"line":23,"column":0},"end":{"line":33,"column":2}},"16":{"start":{"line":24,"column":4},"end":{"line":32,"column":5}},"17":{"start":{"line":25,"column":23},"end":{"line":25,"column":108}},"18":{"start":{"line":26,"column":8},"end":{"line":26,"column":114}},"19":{"start":{"line":28,"column":8},"end":{"line":30,"column":9}},"20":{"start":{"line":29,"column":12},"end":{"line":29,"column":206}},"21":{"start":{"line":31,"column":8},"end":{"line":31,"column":20}},"22":{"start":{"line":35,"column":0},"end":{"line":37,"column":2}},"23":{"start":{"line":36,"column":4},"end":{"line":36,"column":90}},"24":{"start":{"line":36,"column":10},"end":{"line":36,"column":57}},"25":{"start":{"line":36,"column":76},"end":{"line":36,"column":88}},"26":{"start":{"line":39,"column":0},"end":{"line":41,"column":2}},"27":{"start":{"line":40,"column":4},"end":{"line":40,"column":102}},"28":{"start":{"line":40,"column":10},"end":{"line":40,"column":69}},"29":{"start":{"line":40,"column":88},"end":{"line":40,"column":100}},"30":{"start":{"line":43,"column":0},"end":{"line":50,"column":2}},"31":{"start":{"line":44,"column":4},"end":{"line":49,"column":36}},"32":{"start":{"line":45,"column":21},"end":{"line":45,"column":109}},"33":{"start":{"line":46,"column":8},"end":{"line":46,"column":53}},"34":{"start":{"line":47,"column":8},"end":{"line":47,"column":88}},"35":{"start":{"line":48,"column":8},"end":{"line":48,"column":31}},"36":{"start":{"line":49,"column":22},"end":{"line":49,"column":34}},"37":{"start":{"line":52,"column":0},"end":{"line":57,"column":2}},"38":{"start":{"line":53,"column":4},"end":{"line":56,"column":36}},"39":{"start":{"line":54,"column":22},"end":{"line":54,"column":99}},"40":{"start":{"line":55,"column":8},"end":{"line":55,"column":109}},"41":{"start":{"line":56,"column":22},"end":{"line":56,"column":34}},"42":{"start":{"line":59,"column":0},"end":{"line":63,"column":2}},"43":{"start":{"line":60,"column":4},"end":{"line":62,"column":36}},"44":{"start":{"line":61,"column":8},"end":{"line":61,"column":168}},"45":{"start":{"line":62,"column":22},"end":{"line":62,"column":34}},"46":{"start":{"line":65,"column":0},"end":{"line":67,"column":2}},"47":{"start":{"line":66,"column":4},"end":{"line":66,"column":87}},"48":{"start":{"line":66,"column":10},"end":{"line":66,"column":54}},"49":{"start":{"line":66,"column":73},"end":{"line":66,"column":85}}},"fnMap":{"0":{"name":"(anonymous_0)","decl":{"start":{"line":6,"column":16},"end":{"line":6,"column":17}},"loc":{"start":{"line":6,"column":26},"end":{"line":6,"column":63}},"line":6},"1":{"name":"(anonymous_1)","decl":{"start":{"line":8,"column":26},"end":{"line":8,"column":27}},"loc":{"start":{"line":8,"column":52},"end":{"line":12,"column":1}},"line":8},"2":{"name":"(anonymous_2)","decl":{"start":{"line":14,"column":18},"end":{"line":14,"column":19}},"loc":{"start":{"line":14,"column":44},"end":{"line":21,"column":1}},"line":14},"3":{"name":"(anonymous_3)","decl":{"start":{"line":18,"column":206},"end":{"line":18,"column":207}},"loc":{"start":{"line":18,"column":212},"end":{"line":18,"column":214}},"line":18},"4":{"name":"(anonymous_4)","decl":{"start":{"line":23,"column":19},"end":{"line":23,"column":20}},"loc":{"start":{"line":23,"column":45},"end":{"line":33,"column":1}},"line":23},"5":{"name":"(anonymous_5)","decl":{"start":{"line":29,"column":196},"end":{"line":29,"column":197}},"loc":{"start":{"line":29,"column":202},"end":{"line":29,"column":204}},"line":29},"6":{"name":"(anonymous_6)","decl":{"start":{"line":35,"column":15},"end":{"line":35,"column":16}},"loc":{"start":{"line":35,"column":41},"end":{"line":37,"column":1}},"line":35},"7":{"name":"(anonymous_7)","decl":{"start":{"line":39,"column":18},"end":{"line":39,"column":19}},"loc":{"start":{"line":39,"column":44},"end":{"line":41,"column":1}},"line":39},"8":{"name":"(anonymous_8)","decl":{"start":{"line":43,"column":19},"end":{"line":43,"column":20}},"loc":{"start":{"line":43,"column":45},"end":{"line":50,"column":1}},"line":43},"9":{"name":"(anonymous_9)","decl":{"start":{"line":52,"column":20},"end":{"line":52,"column":21}},"loc":{"start":{"line":52,"column":46},"end":{"line":57,"column":1}},"line":52},"10":{"name":"(anonymous_10)","decl":{"start":{"line":59,"column":17},"end":{"line":59,"column":18}},"loc":{"start":{"line":59,"column":43},"end":{"line":63,"column":1}},"line":59},"11":{"name":"(anonymous_11)","decl":{"start":{"line":65,"column":21},"end":{"line":65,"column":22}},"loc":{"start":{"line":65,"column":47},"end":{"line":67,"column":1}},"line":65}},"branchMap":{"0":{"loc":{"start":{"line":18,"column":171},"end":{"line":18,"column":194}},"type":"binary-expr","locations":[{"start":{"line":18,"column":171},"end":{"line":18,"column":181}},{"start":{"line":18,"column":185},"end":{"line":18,"column":194}}],"line":18},"1":{"loc":{"start":{"line":28,"column":8},"end":{"line":30,"column":9}},"type":"if","locations":[{"start":{"line":28,"column":8},"end":{"line":30,"column":9}},{"start":{},"end":{}}],"line":28},"2":{"loc":{"start":{"line":28,"column":12},"end":{"line":28,"column":60}},"type":"binary-expr","locations":[{"start":{"line":28,"column":12},"end":{"line":28,"column":22}},{"start":{"line":28,"column":26},"end":{"line":28,"column":60}}],"line":28}},"s":{"0":10,"1":10,"2":10,"3":10,"4":10,"5":42,"6":10,"7":2,"8":2,"9":0,"10":10,"11":10,"12":10,"13":7,"14":7,"15":10,"16":19,"17":19,"18":11,"19":8,"20":4,"21":8,"22":10,"23":1,"24":1,"25":0,"26":10,"27":3,"28":3,"29":1,"30":10,"31":6,"32":6,"33":2,"34":2,"35":2,"36":4,"37":10,"38":2,"39":2,"40":1,"41":1,"42":10,"43":4,"44":4,"45":2,"46":10,"47":2,"48":2,"49":0},"f":{"0":42,"1":2,"2":10,"3":0,"4":19,"5":0,"6":1,"7":3,"8":6,"9":2,"10":4,"11":2},"b":{"0":[7,0],"1":[4,4],"2":[8,8]},"_coverageSchema":"1a1c01bbd47fc00a2c39e90264f33305004495a9","hash":"ff5a63889c268a7b6e70939809d4d9633c88adc0"}
,"C:\\Users\\koken\\OneDrive\\Documents\\GitHub\\payroll-automation\\backend\\src\\controllers\\payslipController.js": {"path":"C:\\Users\\koken\\OneDrive\\Documents\\GitHub\\payroll-automation\\backend\\src\\controllers\\payslipController.js","statementMap":{"0":{"start":{"line":1,"column":23},"end":{"line":1,"column":60}},"1":{"start":{"line":3,"column":16},"end":{"line":3,"column":64}},"2":{"start":{"line":3,"column":26},"end":{"line":3,"column":63}},"3":{"start":{"line":5,"column":0},"end":{"line":7,"column":2}},"4":{"start":{"line":6,"column":4},"end":{"line":6,"column":147}},"5":{"start":{"line":6,"column":10},"end":{"line":6,"column":114}},"6":{"start":{"line":6,"column":133},"end":{"line":6,"column":145}},"7":{"start":{"line":9,"column":0},"end":{"line":11,"column":2}},"8":{"start":{"line":10,"column":4},"end":{"line":10,"column":107}},"9":{"start":{"line":10,"column":10},"end":{"line":10,"column":74}},"10":{"start":{"line":10,"column":93},"end":{"line":10,"column":105}},"11":{"start":{"line":13,"column":0},"end":{"line":15,"column":2}},"12":{"start":{"line":14,"column":4},"end":{"line":14,"column":106}},"13":{"start":{"line":14,"column":10},"end":{"line":14,"column":73}},"14":{"start":{"line":14,"column":92},"end":{"line":14,"column":104}},"15":{"start":{"line":17,"column":0},"end":{"line":22,"column":2}},"16":{"start":{"line":18,"column":4},"end":{"line":21,"column":36}},"17":{"start":{"line":19,"column":24},"end":{"line":19,"column":106}},"18":{"start":{"line":20,"column":8},"end":{"line":20,"column":52}},"19":{"start":{"line":21,"column":22},"end":{"line":21,"column":34}},"20":{"start":{"line":24,"column":0},"end":{"line":31,"column":2}},"21":{"start":{"line":25,"column":4},"end":{"line":30,"column":36}},"22":{"start":{"line":26,"column":21},"end":{"line":26,"column":113}},"23":{"start":{"line":27,"column":8},"end":{"line":27,"column":57}},"24":{"start":{"line":28,"column":8},"end":{"line":28,"column":88}},"25":{"start":{"line":29,"column":8},"end":{"line":29,"column":31}},"26":{"start":{"line":30,"column":22},"end":{"line":30,"column":34}}},"fnMap":{"0":{"name":"(anonymous_0)","decl":{"start":{"line":3,"column":16},"end":{"line":3,"column":17}},"loc":{"start":{"line":3,"column":26},"end":{"line":3,"column":63}},"line":3},"1":{"name":"(anonymous_1)","decl":{"start":{"line":5,"column":23},"end":{"line":5,"column":24}},"loc":{"start":{"line":5,"column":49},"end":{"line":7,"column":1}},"line":5},"2":{"name":"(anonymous_2)","decl":{"start":{"line":9,"column":19},"end":{"line":9,"column":20}},"loc":{"start":{"line":9,"column":45},"end":{"line":11,"column":1}},"line":9},"3":{"name":"(anonymous_3)","decl":{"start":{"line":13,"column":18},"end":{"line":13,"column":19}},"loc":{"start":{"line":13,"column":44},"end":{"line":15,"column":1}},"line":13},"4":{"name":"(anonymous_4)","decl":{"start":{"line":17,"column":18},"end":{"line":17,"column":19}},"loc":{"start":{"line":17,"column":44},"end":{"line":22,"column":1}},"line":17},"5":{"name":"(anonymous_5)","decl":{"start":{"line":24,"column":19},"end":{"line":24,"column":20}},"loc":{"start":{"line":24,"column":45},"end":{"line":31,"column":1}},"line":24}},"branchMap":{},"s":{"0":10,"1":10,"2":10,"3":10,"4":2,"5":2,"6":1,"7":10,"8":2,"9":2,"10":1,"11":10,"12":1,"13":1,"14":0,"15":10,"16":4,"17":4,"18":2,"19":2,"20":10,"21":1,"22":1,"23":1,"24":1,"25":1,"26":0},"f":{"0":10,"1":2,"2":2,"3":1,"4":4,"5":1},"b":{},"_coverageSchema":"1a1c01bbd47fc00a2c39e90264f33305004495a9","hash":"5f3224424147c5a68ce1272c485b30af30c9346a"}
,"C:\\Users\\koken\\OneDrive\\Documents\\GitHub\\payroll-automation\\backend\\src\\controllers\\staffController.js": {"path":"C:\\Users\\koken\\OneDrive\\Documents\\GitHub\\payroll-automation\\backend\\src\\controllers\\staffController.js","statementMap":{"0":{"start":{"line":1,"column":17},"end":{"line":1,"column":46}},"1":{"start":{"line":2,"column":25},"end":{"line":2,"column":64}},"2":{"start":{"line":3,"column":17},"end":{"line":3,"column":45}},"3":{"start":{"line":5,"column":22},"end":{"line":11,"column":1}},"4":{"start":{"line":13,"column":25},"end":{"line":13,"column":90}},"5":{"start":{"line":14,"column":25},"end":{"line":14,"column":60}},"6":{"start":{"line":15,"column":23},"end":{"line":15,"column":54}},"7":{"start":{"line":17,"column":24},"end":{"line":21,"column":1}},"8":{"start":{"line":18,"column":2},"end":{"line":20,"column":3}},"9":{"start":{"line":19,"column":4},"end":{"line":19,"column":82}},"10":{"start":{"line":23,"column":31},"end":{"line":27,"column":1}},"11":{"start":{"line":24,"column":2},"end":{"line":26,"column":3}},"12":{"start":{"line":25,"column":4},"end":{"line":25,"column":106}},"13":{"start":{"line":29,"column":0},"end":{"line":43,"column":2}},"14":{"start":{"line":30,"column":2},"end":{"line":42,"column":3}},"15":{"start":{"line":31,"column":23},"end":{"line":31,"column":32}},"16":{"start":{"line":32,"column":4},"end":{"line":34,"column":5}},"17":{"start":{"line":33,"column":6},"end":{"line":33,"column":88}},"18":{"start":{"line":36,"column":19},"end":{"line":38,"column":5}},"19":{"start":{"line":39,"column":4},"end":{"line":39,"column":26}},"20":{"start":{"line":41,"column":4},"end":{"line":41,"column":16}},"21":{"start":{"line":45,"column":0},"end":{"line":59,"column":2}},"22":{"start":{"line":46,"column":2},"end":{"line":58,"column":3}},"23":{"start":{"line":47,"column":4},"end":{"line":47,"column":35}},"24":{"start":{"line":48,"column":19},"end":{"line":51,"column":5}},"25":{"start":{"line":52,"column":4},"end":{"line":54,"column":5}},"26":{"start":{"line":53,"column":6},"end":{"line":53,"column":76}},"27":{"start":{"line":55,"column":4},"end":{"line":55,"column":29}},"28":{"start":{"line":57,"column":4},"end":{"line":57,"column":16}},"29":{"start":{"line":61,"column":0},"end":{"line":90,"column":2}},"30":{"start":{"line":62,"column":2},"end":{"line":89,"column":3}},"31":{"start":{"line":63,"column":24},"end":{"line":63,"column":101}},"32":{"start":{"line":64,"column":21},"end":{"line":64,"column":92}},"33":{"start":{"line":65,"column":48},"end":{"line":65,"column":56}},"34":{"start":{"line":67,"column":4},"end":{"line":69,"column":5}},"35":{"start":{"line":68,"column":6},"end":{"line":68,"column":112}},"36":{"start":{"line":70,"column":4},"end":{"line":70,"column":43}},"37":{"start":{"line":72,"column":21},"end":{"line":72,"column":99}},"38":{"start":{"line":73,"column":4},"end":{"line":75,"column":5}},"39":{"start":{"line":74,"column":6},"end":{"line":74,"column":122}},"40":{"start":{"line":77,"column":19},"end":{"line":82,"column":5}},"41":{"start":{"line":83,"column":4},"end":{"line":83,"column":41}},"42":{"start":{"line":85,"column":4},"end":{"line":87,"column":5}},"43":{"start":{"line":86,"column":6},"end":{"line":86,"column":129}},"44":{"start":{"line":88,"column":4},"end":{"line":88,"column":16}},"45":{"start":{"line":92,"column":0},"end":{"line":137,"column":2}},"46":{"start":{"line":93,"column":2},"end":{"line":136,"column":3}},"47":{"start":{"line":94,"column":4},"end":{"line":94,"column":35}},"48":{"start":{"line":95,"column":20},"end":{"line":95,"column":22}},"49":{"start":{"line":96,"column":19},"end":{"line":96,"column":21}},"50":{"start":{"line":98,"column":4},"end":{"line":105,"column":5}},"51":{"start":{"line":99,"column":23},"end":{"line":99,"column":94}},"52":{"start":{"line":100,"column":6},"end":{"line":102,"column":7}},"53":{"start":{"line":101,"column":8},"end":{"line":101,"column":82}},"54":{"start":{"line":103,"column":6},"end":{"line":103,"column":28}},"55":{"start":{"line":104,"column":6},"end":{"line":104,"column":52}},"56":{"start":{"line":106,"column":4},"end":{"line":110,"column":5}},"57":{"start":{"line":107,"column":6},"end":{"line":107,"column":55}},"58":{"start":{"line":108,"column":6},"end":{"line":108,"column":44}},"59":{"start":{"line":109,"column":6},"end":{"line":109,"column":58}},"60":{"start":{"line":111,"column":4},"end":{"line":117,"column":5}},"61":{"start":{"line":112,"column":6},"end":{"line":114,"column":7}},"62":{"start":{"line":113,"column":8},"end":{"line":113,"column":94}},"63":{"start":{"line":115,"column":6},"end":{"line":115,"column":35}},"64":{"start":{"line":116,"column":6},"end":{"line":116,"column":49}},"65":{"start":{"line":118,"column":4},"end":{"line":120,"column":5}},"66":{"start":{"line":119,"column":6},"end":{"line":119,"column":110}},"67":{"start":{"line":122,"column":4},"end":{"line":122,"column":31}},"68":{"start":{"line":123,"column":19},"end":{"line":129,"column":5}},"69":{"start":{"line":130,"column":4},"end":{"line":132,"column":5}},"70":{"start":{"line":131,"column":6},"end":{"line":131,"column":76}},"71":{"start":{"line":133,"column":4},"end":{"line":133,"column":29}},"72":{"start":{"line":135,"column":4},"end":{"line":135,"column":16}},"73":{"start":{"line":139,"column":0},"end":{"line":156,"column":2}},"74":{"start":{"line":140,"column":2},"end":{"line":155,"column":3}},"75":{"start":{"line":141,"column":4},"end":{"line":141,"column":35}},"76":{"start":{"line":142,"column":19},"end":{"line":148,"column":5}},"77":{"start":{"line":149,"column":4},"end":{"line":151,"column":5}},"78":{"start":{"line":150,"column":6},"end":{"line":150,"column":76}},"79":{"start":{"line":152,"column":4},"end":{"line":152,"column":29}},"80":{"start":{"line":154,"column":4},"end":{"line":154,"column":16}},"81":{"start":{"line":158,"column":0},"end":{"line":171,"column":2}},"82":{"start":{"line":159,"column":2},"end":{"line":170,"column":3}},"83":{"start":{"line":160,"column":17},"end":{"line":166,"column":6}},"84":{"start":{"line":167,"column":4},"end":{"line":167,"column":57}},"85":{"start":{"line":169,"column":4},"end":{"line":169,"column":16}}},"fnMap":{"0":{"name":"(anonymous_0)","decl":{"start":{"line":17,"column":24},"end":{"line":17,"column":25}},"loc":{"start":{"line":17,"column":32},"end":{"line":21,"column":1}},"line":17},"1":{"name":"(anonymous_1)","decl":{"start":{"line":23,"column":31},"end":{"line":23,"column":32}},"loc":{"start":{"line":23,"column":51},"end":{"line":27,"column":1}},"line":23},"2":{"name":"(anonymous_2)","decl":{"start":{"line":29,"column":15},"end":{"line":29,"column":16}},"loc":{"start":{"line":29,"column":41},"end":{"line":43,"column":1}},"line":29},"3":{"name":"(anonymous_3)","decl":{"start":{"line":45,"column":18},"end":{"line":45,"column":19}},"loc":{"start":{"line":45,"column":44},"end":{"line":59,"column":1}},"line":45},"4":{"name":"(anonymous_4)","decl":{"start":{"line":61,"column":17},"end":{"line":61,"column":18}},"loc":{"start":{"line":61,"column":43},"end":{"line":90,"column":1}},"line":61},"5":{"name":"(anonymous_5)","decl":{"start":{"line":92,"column":17},"end":{"line":92,"column":18}},"loc":{"start":{"line":92,"column":43},"end":{"line":137,"column":1}},"line":92},"6":{"name":"(anonymous_6)","decl":{"start":{"line":139,"column":21},"end":{"line":139,"column":22}},"loc":{"start":{"line":139,"column":47},"end":{"line":156,"column":1}},"line":139},"7":{"name":"(anonymous_7)","decl":{"start":{"line":158,"column":28},"end":{"line":158,"column":29}},"loc":{"start":{"line":158,"column":54},"end":{"line":171,"column":1}},"line":158}},"branchMap":{"0":{"loc":{"start":{"line":18,"column":2},"end":{"line":20,"column":3}},"type":"if","locations":[{"start":{"line":18,"column":2},"end":{"line":20,"column":3}},{"start":{},"end":{}}],"line":18},"1":{"loc":{"start":{"line":24,"column":2},"end":{"line":26,"column":3}},"type":"if","locations":[{"start":{"line":24,"column":2},"end":{"line":26,"column":3}},{"start":{},"end":{}}],"line":24},"2":{"loc":{"start":{"line":32,"column":4},"end":{"line":34,"column":5}},"type":"if","locations":[{"start":{"line":32,"column":4},"end":{"line":34,"column":5}},{"start":{},"end":{}}],"line":32},"3":{"loc":{"start":{"line":32,"column":8},"end":{"line":32,"column":37}},"type":"binary-expr","locations":[{"start":{"line":32,"column":8},"end":{"line":32,"column":14}},{"start":{"line":32,"column":18},"end":{"line":32,"column":37}}],"line":32},"4":{"loc":{"start":{"line":37,"column":43},"end":{"line":37,"column":83}},"type":"cond-expr","locations":[{"start":{"line":37,"column":52},"end":{"line":37,"column":78}},{"start":{"line":37,"column":81},"end":{"line":37,"column":83}}],"line":37},"5":{"loc":{"start":{"line":52,"column":4},"end":{"line":54,"column":5}},"type":"if","locations":[{"start":{"line":52,"column":4},"end":{"line":54,"column":5}},{"start":{},"end":{}}],"line":52},"6":{"loc":{"start":{"line":63,"column":24},"end":{"line":63,"column":101}},"type":"cond-expr","locations":[{"start":{"line":63,"column":68},"end":{"line":63,"column":96}},{"start":{"line":63,"column":99},"end":{"line":63,"column":101}}],"line":63},"7":{"loc":{"start":{"line":64,"column":21},"end":{"line":64,"column":92}},"type":"cond-expr","locations":[{"start":{"line":64,"column":62},"end":{"line":64,"column":87}},{"start":{"line":64,"column":90},"end":{"line":64,"column":92}}],"line":64},"8":{"loc":{"start":{"line":67,"column":4},"end":{"line":69,"column":5}},"type":"if","locations":[{"start":{"line":67,"column":4},"end":{"line":69,"column":5}},{"start":{},"end":{}}],"line":67},"9":{"loc":{"start":{"line":67,"column":8},"end":{"line":67,"column":52}},"type":"binary-expr","locations":[{"start":{"line":67,"column":8},"end":{"line":67,"column":20}},{"start":{"line":67,"column":24},"end":{"line":67,"column":33}},{"start":{"line":67,"column":37},"end":{"line":67,"column":52}}],"line":67},"10":{"loc":{"start":{"line":73,"column":4},"end":{"line":75,"column":5}},"type":"if","locations":[{"start":{"line":73,"column":4},"end":{"line":75,"column":5}},{"start":{},"end":{}}],"line":73},"11":{"loc":{"start":{"line":85,"column":4},"end":{"line":87,"column":5}},"type":"if","locations":[{"start":{"line":85,"column":4},"end":{"line":87,"column":5}},{"start":{},"end":{}}],"line":85},"12":{"loc":{"start":{"line":98,"column":4},"end":{"line":105,"column":5}},"type":"if","locations":[{"start":{"line":98,"column":4},"end":{"line":105,"column":5}},{"start":{},"end":{}}],"line":98},"13":{"loc":{"start":{"line":99,"column":23},"end":{"line":99,"column":94}},"type":"cond-expr","locations":[{"start":{"line":99,"column":64},"end":{"line":99,"column":89}},{"start":{"line":99,"column":92},"end":{"line":99,"column":94}}],"line":99},"14":{"loc":{"start":{"line":100,"column":6},"end":{"line":102,"column":7}},"type":"if","locations":[{"start":{"line":100,"column":6},"end":{"line":102,"column":7}},{"start":{},"end":{}}],"line":100},"15":{"loc":{"start":{"line":106,"column":4},"end":{"line":110,"column":5}},"type":"if","locations":[{"start":{"line":106,"column":4},"end":{"line":110,"column":5}},{"start":{},"end":{}}],"line":106},"16":{"loc":{"start":{"line":111,"column":4},"end":{"line":117,"column":5}},"type":"if","locations":[{"start":{"line":111,"column":4},"end":{"line":117,"column":5}},{"start":{},"end":{}}],"line":111},"17":{"loc":{"start":{"line":112,"column":6},"end":{"line":114,"column":7}},"type":"if","locations":[{"start":{"line":112,"column":6},"end":{"line":114,"column":7}},{"start":{},"end":{}}],"line":112},"18":{"loc":{"start":{"line":118,"column":4},"end":{"line":120,"column":5}},"type":"if","locations":[{"start":{"line":118,"column":4},"end":{"line":120,"column":5}},{"start":{},"end":{}}],"line":118},"19":{"loc":{"start":{"line":130,"column":4},"end":{"line":132,"column":5}},"type":"if","locations":[{"start":{"line":130,"column":4},"end":{"line":132,"column":5}},{"start":{},"end":{}}],"line":130},"20":{"loc":{"start":{"line":149,"column":4},"end":{"line":151,"column":5}},"type":"if","locations":[{"start":{"line":149,"column":4},"end":{"line":151,"column":5}},{"start":{},"end":{}}],"line":149}},"s":{"0":10,"1":10,"2":10,"3":10,"4":10,"5":10,"6":10,"7":10,"8":0,"9":0,"10":10,"11":0,"12":0,"13":10,"14":0,"15":0,"16":0,"17":0,"18":0,"19":0,"20":0,"21":10,"22":0,"23":0,"24":0,"25":0,"26":0,"27":0,"28":0,"29":10,"30":0,"31":0,"32":0,"33":0,"34":0,"35":0,"36":0,"37":0,"38":0,"39":0,"40":0,"41":0,"42":0,"43":0,"44":0,"45":10,"46":0,"47":0,"48":0,"49":0,"50":0,"51":0,"52":0,"53":0,"54":0,"55":0,"56":0,"57":0,"58":0,"59":0,"60":0,"61":0,"62":0,"63":0,"64":0,"65":0,"66":0,"67":0,"68":0,"69":0,"70":0,"71":0,"72":0,"73":10,"74":0,"75":0,"76":0,"77":0,"78":0,"79":0,"80":0,"81":10,"82":2,"83":2,"84":1,"85":1},"f":{"0":0,"1":0,"2":0,"3":0,"4":0,"5":0,"6":0,"7":2},"b":{"0":[0,0],"1":[0,0],"2":[0,0],"3":[0,0],"4":[0,0],"5":[0,0],"6":[0,0],"7":[0,0],"8":[0,0],"9":[0,0,0],"10":[0,0],"11":[0,0],"12":[0,0],"13":[0,0],"14":[0,0],"15":[0,0],"16":[0,0],"17":[0,0],"18":[0,0],"19":[0,0],"20":[0,0]},"_coverageSchema":"1a1c01bbd47fc00a2c39e90264f33305004495a9","hash":"6c377c18ecee4dc30d80816a91c76e67dcead9c2"}
,"C:\\Users\\koken\\OneDrive\\Documents\\GitHub\\payroll-automation\\backend\\src\\middleware\\apiResponse.js": {"path":"C:\\Users\\koken\\OneDrive\\Documents\\GitHub\\payroll-automation\\backend\\src\\middleware\\apiResponse.js","statementMap":{"0":{"start":{"line":10,"column":2},"end":{"line":11,"column":91}},"1":{"start":{"line":11,"column":4},"end":{"line":11,"column":90}},"2":{"start":{"line":13,"column":2},"end":{"line":14,"column":91}},"3":{"start":{"line":14,"column":4},"end":{"line":14,"column":90}},"4":{"start":{"line":16,"column":2},"end":{"line":16,"column":47}},"5":{"start":{"line":16,"column":24},"end":{"line":16,"column":46}},"6":{"start":{"line":24,"column":2},"end":{"line":25,"column":83}},"7":{"start":{"line":25,"column":4},"end":{"line":25,"column":82}},"8":{"start":{"line":27,"column":2},"end":{"line":27,"column":9}},"9":{"start":{"line":30,"column":0},"end":{"line":30,"column":29}}},"fnMap":{"0":{"name":"apiResponse","decl":{"start":{"line":9,"column":9},"end":{"line":9,"column":20}},"loc":{"start":{"line":9,"column":37},"end":{"line":28,"column":1}},"line":9},"1":{"name":"(anonymous_1)","decl":{"start":{"line":10,"column":11},"end":{"line":10,"column":12}},"loc":{"start":{"line":11,"column":4},"end":{"line":11,"column":90}},"line":11},"2":{"name":"(anonymous_2)","decl":{"start":{"line":13,"column":16},"end":{"line":13,"column":17}},"loc":{"start":{"line":14,"column":4},"end":{"line":14,"column":90}},"line":14},"3":{"name":"(anonymous_3)","decl":{"start":{"line":16,"column":18},"end":{"line":16,"column":19}},"loc":{"start":{"line":16,"column":24},"end":{"line":16,"column":46}},"line":16},"4":{"name":"(anonymous_4)","decl":{"start":{"line":24,"column":13},"end":{"line":24,"column":14}},"loc":{"start":{"line":25,"column":4},"end":{"line":25,"column":82}},"line":25}},"branchMap":{"0":{"loc":{"start":{"line":11,"column":52},"end":{"line":11,"column":86}},"type":"cond-expr","locations":[{"start":{"line":11,"column":73},"end":{"line":11,"column":81}},{"start":{"line":11,"column":84},"end":{"line":11,"column":86}}],"line":11},"1":{"loc":{"start":{"line":14,"column":52},"end":{"line":14,"column":86}},"type":"cond-expr","locations":[{"start":{"line":14,"column":73},"end":{"line":14,"column":81}},{"start":{"line":14,"column":84},"end":{"line":14,"column":86}}],"line":14},"2":{"loc":{"start":{"line":24,"column":37},"end":{"line":24,"column":49}},"type":"default-arg","locations":[{"start":{"line":24,"column":47},"end":{"line":24,"column":49}}],"line":24}},"s":{"0":181,"1":29,"2":181,"3":12,"4":181,"5":2,"6":181,"7":24,"8":181,"9":10},"f":{"0":181,"1":29,"2":12,"3":2,"4":24},"b":{"0":[8,21],"1":[0,12],"2":[14]},"_coverageSchema":"1a1c01bbd47fc00a2c39e90264f33305004495a9","hash":"fa29c190e6b49f9df694b4631edf81f9b0cf69c3"}
,"C:\\Users\\koken\\OneDrive\\Documents\\GitHub\\payroll-automation\\backend\\src\\middleware\\authenticate.js": {"path":"C:\\Users\\koken\\OneDrive\\Documents\\GitHub\\payroll-automation\\backend\\src\\middleware\\authenticate.js","statementMap":{"0":{"start":{"line":1,"column":12},"end":{"line":1,"column":35}},"1":{"start":{"line":2,"column":17},"end":{"line":2,"column":37}},"2":{"start":{"line":3,"column":22},"end":{"line":3,"column":47}},"3":{"start":{"line":4,"column":17},"end":{"line":4,"column":45}},"4":{"start":{"line":6,"column":0},"end":{"line":40,"column":2}},"5":{"start":{"line":7,"column":4},"end":{"line":39,"column":5}},"6":{"start":{"line":8,"column":30},"end":{"line":8,"column":60}},"7":{"start":{"line":9,"column":32},"end":{"line":9,"column":56}},"8":{"start":{"line":10,"column":8},"end":{"line":12,"column":9}},"9":{"start":{"line":11,"column":12},"end":{"line":11,"column":100}},"10":{"start":{"line":13,"column":8},"end":{"line":15,"column":9}},"11":{"start":{"line":14,"column":12},"end":{"line":14,"column":101}},"12":{"start":{"line":18,"column":8},"end":{"line":22,"column":9}},"13":{"start":{"line":19,"column":12},"end":{"line":19,"column":51}},"14":{"start":{"line":21,"column":12},"end":{"line":21,"column":96}},"15":{"start":{"line":24,"column":21},"end":{"line":24,"column":53}},"16":{"start":{"line":25,"column":8},"end":{"line":27,"column":9}},"17":{"start":{"line":26,"column":12},"end":{"line":26,"column":96}},"18":{"start":{"line":29,"column":8},"end":{"line":35,"column":10}},"19":{"start":{"line":36,"column":8},"end":{"line":36,"column":15}},"20":{"start":{"line":38,"column":8},"end":{"line":38,"column":20}}},"fnMap":{"0":{"name":"(anonymous_0)","decl":{"start":{"line":6,"column":17},"end":{"line":6,"column":18}},"loc":{"start":{"line":6,"column":43},"end":{"line":40,"column":1}},"line":6}},"branchMap":{"0":{"loc":{"start":{"line":8,"column":30},"end":{"line":8,"column":60}},"type":"binary-expr","locations":[{"start":{"line":8,"column":30},"end":{"line":8,"column":54}},{"start":{"line":8,"column":58},"end":{"line":8,"column":60}}],"line":8},"1":{"loc":{"start":{"line":10,"column":8},"end":{"line":12,"column":9}},"type":"if","locations":[{"start":{"line":10,"column":8},"end":{"line":12,"column":9}},{"start":{},"end":{}}],"line":10},"2":{"loc":{"start":{"line":10,"column":12},"end":{"line":10,"column":41}},"type":"binary-expr","locations":[{"start":{"line":10,"column":12},"end":{"line":10,"column":31}},{"start":{"line":10,"column":35},"end":{"line":10,"column":41}}],"line":10},"3":{"loc":{"start":{"line":13,"column":8},"end":{"line":15,"column":9}},"type":"if","locations":[{"start":{"line":13,"column":8},"end":{"line":15,"column":9}},{"start":{},"end":{}}],"line":13},"4":{"loc":{"start":{"line":25,"column":8},"end":{"line":27,"column":9}},"type":"if","locations":[{"start":{"line":25,"column":8},"end":{"line":27,"column":9}},{"start":{},"end":{}}],"line":25},"5":{"loc":{"start":{"line":25,"column":12},"end":{"line":25,"column":45}},"type":"binary-expr","locations":[{"start":{"line":25,"column":12},"end":{"line":25,"column":17}},{"start":{"line":25,"column":21},"end":{"line":25,"column":45}}],"line":25}},"s":{"0":10,"1":10,"2":10,"3":10,"4":10,"5":79,"6":79,"7":79,"8":79,"9":5,"10":74,"11":0,"12":74,"13":74,"14":1,"15":73,"16":73,"17":0,"18":73,"19":73,"20":6},"f":{"0":79},"b":{"0":[79,5],"1":[5,74],"2":[79,74],"3":[0,74],"4":[0,73],"5":[73,73]},"_coverageSchema":"1a1c01bbd47fc00a2c39e90264f33305004495a9","hash":"3726ccdd008ffc96154deacac7e7673069f7c022"}
,"C:\\Users\\koken\\OneDrive\\Documents\\GitHub\\payroll-automation\\backend\\src\\middleware\\authorize.js": {"path":"C:\\Users\\koken\\OneDrive\\Documents\\GitHub\\payroll-automation\\backend\\src\\middleware\\authorize.js","statementMap":{"0":{"start":{"line":1,"column":17},"end":{"line":1,"column":45}},"1":{"start":{"line":3,"column":0},"end":{"line":8,"column":2}},"2":{"start":{"line":3,"column":38},"end":{"line":8,"column":1}},"3":{"start":{"line":4,"column":4},"end":{"line":6,"column":5}},"4":{"start":{"line":5,"column":8},"end":{"line":5,"column":106}},"5":{"start":{"line":7,"column":4},"end":{"line":7,"column":11}}},"fnMap":{"0":{"name":"(anonymous_0)","decl":{"start":{"line":3,"column":17},"end":{"line":3,"column":18}},"loc":{"start":{"line":3,"column":38},"end":{"line":8,"column":1}},"line":3},"1":{"name":"(anonymous_1)","decl":{"start":{"line":3,"column":38},"end":{"line":3,"column":39}},"loc":{"start":{"line":3,"column":58},"end":{"line":8,"column":1}},"line":3}},"branchMap":{"0":{"loc":{"start":{"line":4,"column":4},"end":{"line":6,"column":5}},"type":"if","locations":[{"start":{"line":4,"column":4},"end":{"line":6,"column":5}},{"start":{},"end":{}}],"line":4},"1":{"loc":{"start":{"line":4,"column":8},"end":{"line":4,"column":58}},"type":"binary-expr","locations":[{"start":{"line":4,"column":8},"end":{"line":4,"column":17}},{"start":{"line":4,"column":21},"end":{"line":4,"column":58}}],"line":4}},"s":{"0":10,"1":10,"2":60,"3":64,"4":6,"5":58},"f":{"0":60,"1":64},"b":{"0":[6,58],"1":[64,64]},"_coverageSchema":"1a1c01bbd47fc00a2c39e90264f33305004495a9","hash":"db4e1485d6d2e7b160189aff808f6bd3be000367"}
,"C:\\Users\\koken\\OneDrive\\Documents\\GitHub\\payroll-automation\\backend\\src\\middleware\\errorHandler.js": {"path":"C:\\Users\\koken\\OneDrive\\Documents\\GitHub\\payroll-automation\\backend\\src\\middleware\\errorHandler.js","statementMap":{"0":{"start":{"line":7,"column":2},"end":{"line":7,"column":27}},"1":{"start":{"line":8,"column":17},"end":{"line":8,"column":34}},"2":{"start":{"line":9,"column":2},"end":{"line":16,"column":5}},"3":{"start":{"line":19,"column":0},"end":{"line":19,"column":30}}},"fnMap":{"0":{"name":"errorHandler","decl":{"start":{"line":6,"column":9},"end":{"line":6,"column":21}},"loc":{"start":{"line":6,"column":43},"end":{"line":17,"column":1}},"line":6}},"branchMap":{"0":{"loc":{"start":{"line":8,"column":17},"end":{"line":8,"column":34}},"type":"binary-expr","locations":[{"start":{"line":8,"column":17},"end":{"line":8,"column":27}},{"start":{"line":8,"column":31},"end":{"line":8,"column":34}}],"line":8},"1":{"loc":{"start":{"line":12,"column":12},"end":{"line":12,"column":40}},"type":"binary-expr","locations":[{"start":{"line":12,"column":12},"end":{"line":12,"column":20}},{"start":{"line":12,"column":24},"end":{"line":12,"column":40}}],"line":12},"2":{"loc":{"start":{"line":13,"column":15},"end":{"line":13,"column":53}},"type":"binary-expr","locations":[{"start":{"line":13,"column":15},"end":{"line":13,"column":26}},{"start":{"line":13,"column":30},"end":{"line":13,"column":53}}],"line":13}},"s":{"0":45,"1":45,"2":45,"3":10},"f":{"0":45},"b":{"0":[45,0],"1":[45,0],"2":[45,0]},"_coverageSchema":"1a1c01bbd47fc00a2c39e90264f33305004495a9","hash":"9530a9438cc6d59abd827f155bf40fcbe8fcb8e5"}
,"C:\\Users\\koken\\OneDrive\\Documents\\GitHub\\payroll-automation\\backend\\src\\middleware\\validateRequest.js": {"path":"C:\\Users\\koken\\OneDrive\\Documents\\GitHub\\payroll-automation\\backend\\src\\middleware\\validateRequest.js","statementMap":{"0":{"start":{"line":1,"column":17},"end":{"line":1,"column":45}},"1":{"start":{"line":3,"column":24},"end":{"line":19,"column":1}},"2":{"start":{"line":3,"column":53},"end":{"line":19,"column":1}},"3":{"start":{"line":4,"column":4},"end":{"line":18,"column":5}},"4":{"start":{"line":5,"column":8},"end":{"line":8,"column":11}},"5":{"start":{"line":9,"column":8},"end":{"line":9,"column":15}},"6":{"start":{"line":11,"column":8},"end":{"line":11,"column":65}},"7":{"start":{"line":11,"column":46},"end":{"line":11,"column":65}},"8":{"start":{"line":12,"column":8},"end":{"line":17,"column":11}},"9":{"start":{"line":21,"column":0},"end":{"line":21,"column":33}}},"fnMap":{"0":{"name":"(anonymous_0)","decl":{"start":{"line":3,"column":24},"end":{"line":3,"column":25}},"loc":{"start":{"line":3,"column":53},"end":{"line":19,"column":1}},"line":3},"1":{"name":"(anonymous_1)","decl":{"start":{"line":3,"column":53},"end":{"line":3,"column":54}},"loc":{"start":{"line":3,"column":79},"end":{"line":19,"column":1}},"line":3}},"branchMap":{"0":{"loc":{"start":{"line":3,"column":33},"end":{"line":3,"column":48}},"type":"default-arg","locations":[{"start":{"line":3,"column":42},"end":{"line":3,"column":48}}],"line":3},"1":{"loc":{"start":{"line":11,"column":8},"end":{"line":11,"column":65}},"type":"if","locations":[{"start":{"line":11,"column":8},"end":{"line":11,"column":65}},{"start":{},"end":{}}],"line":11}},"s":{"0":10,"1":10,"2":230,"3":87,"4":87,"5":86,"6":1,"7":0,"8":1,"9":10},"f":{"0":230,"1":87},"b":{"0":[60],"1":[0,1]},"_coverageSchema":"1a1c01bbd47fc00a2c39e90264f33305004495a9","hash":"c1b3fe3e3a9edae6e08dc2b3bd50edf7a0834f6d"}
,"C:\\Users\\koken\\OneDrive\\Documents\\GitHub\\payroll-automation\\backend\\src\\models\\Approval.js": {"path":"C:\\Users\\koken\\OneDrive\\Documents\\GitHub\\payroll-automation\\backend\\src\\models\\Approval.js","statementMap":{"0":{"start":{"line":1,"column":0},"end":{"line":14,"column":3}},"1":{"start":{"line":1,"column":43},"end":{"line":14,"column":2}}},"fnMap":{"0":{"name":"(anonymous_0)","decl":{"start":{"line":1,"column":17},"end":{"line":1,"column":18}},"loc":{"start":{"line":1,"column":43},"end":{"line":14,"column":2}},"line":1}},"branchMap":{},"s":{"0":12,"1":12},"f":{"0":12},"b":{},"_coverageSchema":"1a1c01bbd47fc00a2c39e90264f33305004495a9","hash":"6c686b661fb7ccaeb3210df2dc017ceef333a20e"}
,"C:\\Users\\koken\\OneDrive\\Documents\\GitHub\\payroll-automation\\backend\\src\\models\\AuditLog.js": {"path":"C:\\Users\\koken\\OneDrive\\Documents\\GitHub\\payroll-automation\\backend\\src\\models\\AuditLog.js","statementMap":{"0":{"start":{"line":1,"column":0},"end":{"line":16,"column":3}},"1":{"start":{"line":1,"column":43},"end":{"line":16,"column":2}}},"fnMap":{"0":{"name":"(anonymous_0)","decl":{"start":{"line":1,"column":17},"end":{"line":1,"column":18}},"loc":{"start":{"line":1,"column":43},"end":{"line":16,"column":2}},"line":1}},"branchMap":{},"s":{"0":12,"1":12},"f":{"0":12},"b":{},"_coverageSchema":"1a1c01bbd47fc00a2c39e90264f33305004495a9","hash":"560b492c3f2ee9b686ac9061501e74a0a0a79cc0"}
,"C:\\Users\\koken\\OneDrive\\Documents\\GitHub\\payroll-automation\\backend\\src\\models\\PayPeriod.js": {"path":"C:\\Users\\koken\\OneDrive\\Documents\\GitHub\\payroll-automation\\backend\\src\\models\\PayPeriod.js","statementMap":{"0":{"start":{"line":1,"column":0},"end":{"line":54,"column":2}},"1":{"start":{"line":2,"column":22},"end":{"line":52,"column":6}},"2":{"start":{"line":53,"column":4},"end":{"line":53,"column":21}}},"fnMap":{"0":{"name":"(anonymous_0)","decl":{"start":{"line":1,"column":17},"end":{"line":1,"column":18}},"loc":{"start":{"line":1,"column":43},"end":{"line":54,"column":1}},"line":1}},"branchMap":{},"s":{"0":12,"1":12,"2":12},"f":{"0":12},"b":{},"_coverageSchema":"1a1c01bbd47fc00a2c39e90264f33305004495a9","hash":"df2351601071725d45382e45b707686ae80cded7"}
,"C:\\Users\\koken\\OneDrive\\Documents\\GitHub\\payroll-automation\\backend\\src\\models\\PaymentBatch.js": {"path":"C:\\Users\\koken\\OneDrive\\Documents\\GitHub\\payroll-automation\\backend\\src\\models\\PaymentBatch.js","statementMap":{"0":{"start":{"line":1,"column":0},"end":{"line":54,"column":2}},"1":{"start":{"line":2,"column":25},"end":{"line":52,"column":6}},"2":{"start":{"line":53,"column":4},"end":{"line":53,"column":24}}},"fnMap":{"0":{"name":"(anonymous_0)","decl":{"start":{"line":1,"column":17},"end":{"line":1,"column":18}},"loc":{"start":{"line":1,"column":43},"end":{"line":54,"column":1}},"line":1}},"branchMap":{},"s":{"0":12,"1":12,"2":12},"f":{"0":12},"b":{},"_coverageSchema":"1a1c01bbd47fc00a2c39e90264f33305004495a9","hash":"a001976bc67f59cf11c0a53e52ccc735a61f3b30"}
,"C:\\Users\\koken\\OneDrive\\Documents\\GitHub\\payroll-automation\\backend\\src\\models\\PaymentBatchItem.js": {"path":"C:\\Users\\koken\\OneDrive\\Documents\\GitHub\\payroll-automation\\backend\\src\\models\\PaymentBatchItem.js","statementMap":{"0":{"start":{"line":1,"column":0},"end":{"line":17,"column":77}},"1":{"start":{"line":1,"column":43},"end":{"line":17,"column":76}}},"fnMap":{"0":{"name":"(anonymous_0)","decl":{"start":{"line":1,"column":17},"end":{"line":1,"column":18}},"loc":{"start":{"line":1,"column":43},"end":{"line":17,"column":76}},"line":1}},"branchMap":{},"s":{"0":12,"1":12},"f":{"0":12},"b":{},"_coverageSchema":"1a1c01bbd47fc00a2c39e90264f33305004495a9","hash":"594e805b10e0b0266f0901a5b53f0c11bcbd133d"}
,"C:\\Users\\koken\\OneDrive\\Documents\\GitHub\\payroll-automation\\backend\\src\\models\\PayrollLine.js": {"path":"C:\\Users\\koken\\OneDrive\\Documents\\GitHub\\payroll-automation\\backend\\src\\models\\PayrollLine.js","statementMap":{"0":{"start":{"line":1,"column":0},"end":{"line":53,"column":2}},"1":{"start":{"line":2,"column":24},"end":{"line":51,"column":6}},"2":{"start":{"line":52,"column":4},"end":{"line":52,"column":23}}},"fnMap":{"0":{"name":"(anonymous_0)","decl":{"start":{"line":1,"column":17},"end":{"line":1,"column":18}},"loc":{"start":{"line":1,"column":43},"end":{"line":53,"column":1}},"line":1}},"branchMap":{},"s":{"0":12,"1":12,"2":12},"f":{"0":12},"b":{},"_coverageSchema":"1a1c01bbd47fc00a2c39e90264f33305004495a9","hash":"152020bf793aa87603384b0e782924943dcc7fea"}
,"C:\\Users\\koken\\OneDrive\\Documents\\GitHub\\payroll-automation\\backend\\src\\models\\Payslip.js": {"path":"C:\\Users\\koken\\OneDrive\\Documents\\GitHub\\payroll-automation\\backend\\src\\models\\Payslip.js","statementMap":{"0":{"start":{"line":1,"column":0},"end":{"line":20,"column":66}},"1":{"start":{"line":1,"column":43},"end":{"line":20,"column":65}}},"fnMap":{"0":{"name":"(anonymous_0)","decl":{"start":{"line":1,"column":17},"end":{"line":1,"column":18}},"loc":{"start":{"line":1,"column":43},"end":{"line":20,"column":65}},"line":1}},"branchMap":{},"s":{"0":12,"1":12},"f":{"0":12},"b":{},"_coverageSchema":"1a1c01bbd47fc00a2c39e90264f33305004495a9","hash":"30371fbe42668f5ce96f81a8124eab7cebbd0013"}
,"C:\\Users\\koken\\OneDrive\\Documents\\GitHub\\payroll-automation\\backend\\src\\models\\Staff.js": {"path":"C:\\Users\\koken\\OneDrive\\Documents\\GitHub\\payroll-automation\\backend\\src\\models\\Staff.js","statementMap":{"0":{"start":{"line":1,"column":0},"end":{"line":49,"column":2}},"1":{"start":{"line":2,"column":18},"end":{"line":47,"column":6}},"2":{"start":{"line":48,"column":4},"end":{"line":48,"column":17}}},"fnMap":{"0":{"name":"(anonymous_0)","decl":{"start":{"line":1,"column":17},"end":{"line":1,"column":18}},"loc":{"start":{"line":1,"column":43},"end":{"line":49,"column":1}},"line":1}},"branchMap":{},"s":{"0":12,"1":12,"2":12},"f":{"0":12},"b":{},"_coverageSchema":"1a1c01bbd47fc00a2c39e90264f33305004495a9","hash":"5bc0478b697f92394785bed72f7b1906be03ddc5"}
,"C:\\Users\\koken\\OneDrive\\Documents\\GitHub\\payroll-automation\\backend\\src\\models\\User.js": {"path":"C:\\Users\\koken\\OneDrive\\Documents\\GitHub\\payroll-automation\\backend\\src\\models\\User.js","statementMap":{"0":{"start":{"line":1,"column":0},"end":{"line":21,"column":3}},"1":{"start":{"line":1,"column":43},"end":{"line":21,"column":2}}},"fnMap":{"0":{"name":"(anonymous_0)","decl":{"start":{"line":1,"column":17},"end":{"line":1,"column":18}},"loc":{"start":{"line":1,"column":43},"end":{"line":21,"column":2}},"line":1}},"branchMap":{},"s":{"0":12,"1":12},"f":{"0":12},"b":{},"_coverageSchema":"1a1c01bbd47fc00a2c39e90264f33305004495a9","hash":"9d75d117beb3da9818475717f4c9d742306cc100"}
,"C:\\Users\\koken\\OneDrive\\Documents\\GitHub\\payroll-automation\\backend\\src\\routes\\auditLogs.js": {"path":"C:\\Users\\koken\\OneDrive\\Documents\\GitHub\\payroll-automation\\backend\\src\\routes\\auditLogs.js","statementMap":{"0":{"start":{"line":1,"column":16},"end":{"line":1,"column":34}},"1":{"start":{"line":2,"column":12},"end":{"line":2,"column":26}},"2":{"start":{"line":3,"column":24},"end":{"line":3,"column":65}},"3":{"start":{"line":4,"column":21},"end":{"line":4,"column":58}},"4":{"start":{"line":5,"column":18},"end":{"line":5,"column":52}},"5":{"start":{"line":6,"column":24},"end":{"line":6,"column":64}},"6":{"start":{"line":7,"column":21},"end":{"line":7,"column":108}},"7":{"start":{"line":9,"column":15},"end":{"line":9,"column":31}},"8":{"start":{"line":10,"column":0},"end":{"line":10,"column":47}},"9":{"start":{"line":11,"column":0},"end":{"line":11,"column":38}},"10":{"start":{"line":12,"column":0},"end":{"line":12,"column":116}},"11":{"start":{"line":13,"column":0},"end":{"line":13,"column":24}}},"fnMap":{},"branchMap":{},"s":{"0":10,"1":10,"2":10,"3":10,"4":10,"5":10,"6":10,"7":10,"8":10,"9":10,"10":10,"11":10},"f":{},"b":{},"_coverageSchema":"1a1c01bbd47fc00a2c39e90264f33305004495a9","hash":"7fe30f36cf579f96f39f72d523f824c3a42f393b"}
,"C:\\Users\\koken\\OneDrive\\Documents\\GitHub\\payroll-automation\\backend\\src\\routes\\auth.js": {"path":"C:\\Users\\koken\\OneDrive\\Documents\\GitHub\\payroll-automation\\backend\\src\\routes\\auth.js","statementMap":{"0":{"start":{"line":1,"column":16},"end":{"line":1,"column":34}},"1":{"start":{"line":2,"column":18},"end":{"line":2,"column":47}},"2":{"start":{"line":3,"column":23},"end":{"line":3,"column":63}},"3":{"start":{"line":4,"column":21},"end":{"line":4,"column":58}},"4":{"start":{"line":5,"column":24},"end":{"line":5,"column":64}},"5":{"start":{"line":6,"column":24},"end":{"line":6,"column":62}},"6":{"start":{"line":8,"column":15},"end":{"line":8,"column":31}},"7":{"start":{"line":9,"column":21},"end":{"line":15,"column":2}},"8":{"start":{"line":17,"column":0},"end":{"line":17,"column":88}},"9":{"start":{"line":18,"column":0},"end":{"line":18,"column":51}},"10":{"start":{"line":19,"column":0},"end":{"line":19,"column":60}},"11":{"start":{"line":21,"column":0},"end":{"line":21,"column":24}}},"fnMap":{},"branchMap":{},"s":{"0":10,"1":10,"2":10,"3":10,"4":10,"5":10,"6":10,"7":10,"8":10,"9":10,"10":10,"11":10},"f":{},"b":{},"_coverageSchema":"1a1c01bbd47fc00a2c39e90264f33305004495a9","hash":"0626b52cc00172c008a89d4da7078a7d9c0ba8d5"}
,"C:\\Users\\koken\\OneDrive\\Documents\\GitHub\\payroll-automation\\backend\\src\\routes\\payments.js": {"path":"C:\\Users\\koken\\OneDrive\\Documents\\GitHub\\payroll-automation\\backend\\src\\routes\\payments.js","statementMap":{"0":{"start":{"line":1,"column":16},"end":{"line":1,"column":34}},"1":{"start":{"line":2,"column":26},"end":{"line":2,"column":69}},"2":{"start":{"line":3,"column":21},"end":{"line":3,"column":58}},"3":{"start":{"line":4,"column":18},"end":{"line":4,"column":52}},"4":{"start":{"line":5,"column":24},"end":{"line":5,"column":64}},"5":{"start":{"line":6,"column":18},"end":{"line":6,"column":59}},"6":{"start":{"line":7,"column":26},"end":{"line":7,"column":69}},"7":{"start":{"line":9,"column":15},"end":{"line":9,"column":31}},"8":{"start":{"line":10,"column":0},"end":{"line":10,"column":47}},"9":{"start":{"line":12,"column":0},"end":{"line":12,"column":67}},"10":{"start":{"line":13,"column":0},"end":{"line":13,"column":101}},"11":{"start":{"line":14,"column":0},"end":{"line":14,"column":66}},"12":{"start":{"line":15,"column":0},"end":{"line":15,"column":96}},"13":{"start":{"line":16,"column":0},"end":{"line":16,"column":88}},"14":{"start":{"line":17,"column":0},"end":{"line":17,"column":107}},"15":{"start":{"line":18,"column":0},"end":{"line":18,"column":113}},"16":{"start":{"line":19,"column":0},"end":{"line":19,"column":121}},"17":{"start":{"line":20,"column":0},"end":{"line":20,"column":121}},"18":{"start":{"line":21,"column":0},"end":{"line":21,"column":156}},"19":{"start":{"line":23,"column":0},"end":{"line":23,"column":24}}},"fnMap":{},"branchMap":{},"s":{"0":10,"1":10,"2":10,"3":10,"4":10,"5":10,"6":10,"7":10,"8":10,"9":10,"10":10,"11":10,"12":10,"13":10,"14":10,"15":10,"16":10,"17":10,"18":10,"19":10},"f":{},"b":{},"_coverageSchema":"1a1c01bbd47fc00a2c39e90264f33305004495a9","hash":"42c712eabc9b55b0fff2fec8f54459592b94e9d2"}
,"C:\\Users\\koken\\OneDrive\\Documents\\GitHub\\payroll-automation\\backend\\src\\routes\\payslips.js": {"path":"C:\\Users\\koken\\OneDrive\\Documents\\GitHub\\payroll-automation\\backend\\src\\routes\\payslips.js","statementMap":{"0":{"start":{"line":1,"column":16},"end":{"line":1,"column":34}},"1":{"start":{"line":2,"column":26},"end":{"line":2,"column":69}},"2":{"start":{"line":3,"column":21},"end":{"line":3,"column":58}},"3":{"start":{"line":4,"column":18},"end":{"line":4,"column":52}},"4":{"start":{"line":5,"column":24},"end":{"line":5,"column":64}},"5":{"start":{"line":6,"column":18},"end":{"line":6,"column":59}},"6":{"start":{"line":8,"column":15},"end":{"line":8,"column":31}},"7":{"start":{"line":9,"column":0},"end":{"line":9,"column":25}},"8":{"start":{"line":10,"column":0},"end":{"line":10,"column":46}},"9":{"start":{"line":11,"column":0},"end":{"line":11,"column":65}},"10":{"start":{"line":12,"column":0},"end":{"line":12,"column":111}},"11":{"start":{"line":13,"column":0},"end":{"line":13,"column":116}},"12":{"start":{"line":15,"column":0},"end":{"line":15,"column":24}}},"fnMap":{},"branchMap":{},"s":{"0":10,"1":10,"2":10,"3":10,"4":10,"5":10,"6":10,"7":10,"8":10,"9":10,"10":10,"11":10,"12":10},"f":{},"b":{},"_coverageSchema":"1a1c01bbd47fc00a2c39e90264f33305004495a9","hash":"faa55f86a3cbfab20f03f09eed46ece6887d9613"}
,"C:\\Users\\koken\\OneDrive\\Documents\\GitHub\\payroll-automation\\backend\\src\\routes\\staff.js": {"path":"C:\\Users\\koken\\OneDrive\\Documents\\GitHub\\payroll-automation\\backend\\src\\routes\\staff.js","statementMap":{"0":{"start":{"line":1,"column":16},"end":{"line":1,"column":34}},"1":{"start":{"line":2,"column":24},"end":{"line":2,"column":65}},"2":{"start":{"line":3,"column":21},"end":{"line":3,"column":58}},"3":{"start":{"line":4,"column":18},"end":{"line":4,"column":52}},"4":{"start":{"line":5,"column":24},"end":{"line":5,"column":64}},"5":{"start":{"line":6,"column":49},"end":{"line":6,"column":90}},"6":{"start":{"line":8,"column":15},"end":{"line":8,"column":31}},"7":{"start":{"line":9,"column":0},"end":{"line":9,"column":47}},"8":{"start":{"line":11,"column":0},"end":{"line":11,"column":38}},"9":{"start":{"line":12,"column":0},"end":{"line":12,"column":44}},"10":{"start":{"line":13,"column":0},"end":{"line":13,"column":41}},"11":{"start":{"line":14,"column":0},"end":{"line":14,"column":45}},"12":{"start":{"line":15,"column":0},"end":{"line":15,"column":50}},"13":{"start":{"line":17,"column":0},"end":{"line":17,"column":156}},"14":{"start":{"line":19,"column":0},"end":{"line":19,"column":24}}},"fnMap":{},"branchMap":{},"s":{"0":10,"1":10,"2":10,"3":10,"4":10,"5":10,"6":10,"7":10,"8":10,"9":10,"10":10,"11":10,"12":10,"13":10,"14":10},"f":{},"b":{},"_coverageSchema":"1a1c01bbd47fc00a2c39e90264f33305004495a9","hash":"865015c780aee2446a08222f043da18bb8d95aad"}
,"C:\\Users\\koken\\OneDrive\\Documents\\GitHub\\payroll-automation\\backend\\src\\services\\auditService.js": {"path":"C:\\Users\\koken\\OneDrive\\Documents\\GitHub\\payroll-automation\\backend\\src\\services\\auditService.js","statementMap":{"0":{"start":{"line":1,"column":21},"end":{"line":1,"column":41}},"1":{"start":{"line":3,"column":20},"end":{"line":16,"column":1}},"2":{"start":{"line":4,"column":22},"end":{"line":11,"column":4}},"3":{"start":{"line":13,"column":2},"end":{"line":15,"column":4}},"4":{"start":{"line":14,"column":52},"end":{"line":14,"column":73}},"5":{"start":{"line":22,"column":15},"end":{"line":39,"column":4}},"6":{"start":{"line":30,"column":2},"end":{"line":39,"column":4}},"7":{"start":{"line":45,"column":18},"end":{"line":61,"column":4}},"8":{"start":{"line":52,"column":2},"end":{"line":61,"column":4}},"9":{"start":{"line":63,"column":19},"end":{"line":83,"column":1}},"10":{"start":{"line":64,"column":15},"end":{"line":71,"column":4}},"11":{"start":{"line":73,"column":2},"end":{"line":82,"column":5}},"12":{"start":{"line":74,"column":19},"end":{"line":74,"column":43}},"13":{"start":{"line":76,"column":4},"end":{"line":81,"column":6}},"14":{"start":{"line":85,"column":0},"end":{"line":89,"column":2}}},"fnMap":{"0":{"name":"(anonymous_0)","decl":{"start":{"line":3,"column":20},"end":{"line":3,"column":21}},"loc":{"start":{"line":3,"column":38},"end":{"line":16,"column":1}},"line":3},"1":{"name":"(anonymous_1)","decl":{"start":{"line":14,"column":41},"end":{"line":14,"column":42}},"loc":{"start":{"line":14,"column":52},"end":{"line":14,"column":73}},"line":14},"2":{"name":"(anonymous_2)","decl":{"start":{"line":22,"column":15},"end":{"line":22,"column":16}},"loc":{"start":{"line":30,"column":2},"end":{"line":39,"column":4}},"line":30},"3":{"name":"(anonymous_3)","decl":{"start":{"line":45,"column":18},"end":{"line":45,"column":19}},"loc":{"start":{"line":52,"column":2},"end":{"line":61,"column":4}},"line":52},"4":{"name":"(anonymous_4)","decl":{"start":{"line":63,"column":19},"end":{"line":63,"column":20}},"loc":{"start":{"line":63,"column":63},"end":{"line":83,"column":1}},"line":63},"5":{"name":"(anonymous_5)","decl":{"start":{"line":73,"column":18},"end":{"line":73,"column":19}},"loc":{"start":{"line":73,"column":27},"end":{"line":82,"column":3}},"line":73}},"branchMap":{"0":{"loc":{"start":{"line":3,"column":21},"end":{"line":3,"column":33}},"type":"default-arg","locations":[{"start":{"line":3,"column":31},"end":{"line":3,"column":33}}],"line":3},"1":{"loc":{"start":{"line":14,"column":19},"end":{"line":14,"column":32}},"type":"binary-expr","locations":[{"start":{"line":14,"column":19},"end":{"line":14,"column":26}},{"start":{"line":14,"column":30},"end":{"line":14,"column":32}}],"line":14},"2":{"loc":{"start":{"line":23,"column":2},"end":{"line":23,"column":13}},"type":"default-arg","locations":[{"start":{"line":23,"column":9},"end":{"line":23,"column":13}}],"line":23},"3":{"loc":{"start":{"line":26,"column":2},"end":{"line":26,"column":17}},"type":"default-arg","locations":[{"start":{"line":26,"column":13},"end":{"line":26,"column":17}}],"line":26},"4":{"loc":{"start":{"line":27,"column":2},"end":{"line":27,"column":18}},"type":"default-arg","locations":[{"start":{"line":27,"column":14},"end":{"line":27,"column":18}}],"line":27},"5":{"loc":{"start":{"line":28,"column":2},"end":{"line":28,"column":14}},"type":"default-arg","locations":[{"start":{"line":28,"column":12},"end":{"line":28,"column":14}}],"line":28},"6":{"loc":{"start":{"line":31,"column":13},"end":{"line":31,"column":29}},"type":"binary-expr","locations":[{"start":{"line":31,"column":13},"end":{"line":31,"column":21}},{"start":{"line":31,"column":25},"end":{"line":31,"column":29}}],"line":31},"7":{"loc":{"start":{"line":32,"column":15},"end":{"line":32,"column":33}},"type":"binary-expr","locations":[{"start":{"line":32,"column":15},"end":{"line":32,"column":25}},{"start":{"line":32,"column":29},"end":{"line":32,"column":33}}],"line":32},"8":{"loc":{"start":{"line":36,"column":11},"end":{"line":36,"column":37}},"type":"binary-expr","locations":[{"start":{"line":36,"column":11},"end":{"line":36,"column":22}},{"start":{"line":36,"column":26},"end":{"line":36,"column":37}}],"line":36},"9":{"loc":{"start":{"line":58,"column":11},"end":{"line":58,"column":28}},"type":"binary-expr","locations":[{"start":{"line":58,"column":11},"end":{"line":58,"column":16}},{"start":{"line":58,"column":20},"end":{"line":58,"column":28}}],"line":58},"10":{"loc":{"start":{"line":60,"column":25},"end":{"line":60,"column":37}},"type":"binary-expr","locations":[{"start":{"line":60,"column":25},"end":{"line":60,"column":31}},{"start":{"line":60,"column":35},"end":{"line":60,"column":37}}],"line":60},"11":{"loc":{"start":{"line":63,"column":48},"end":{"line":63,"column":58}},"type":"default-arg","locations":[{"start":{"line":63,"column":56},"end":{"line":63,"column":58}}],"line":63},"12":{"loc":{"start":{"line":80,"column":17},"end":{"line":80,"column":54}},"type":"binary-expr","locations":[{"start":{"line":80,"column":17},"end":{"line":80,"column":34}},{"start":{"line":80,"column":38},"end":{"line":80,"column":54}}],"line":80}},"s":{"0":12,"1":12,"2":113,"3":113,"4":135,"5":12,"6":113,"7":12,"8":0,"9":12,"10":0,"11":0,"12":0,"13":0,"14":12},"f":{"0":113,"1":135,"2":113,"3":0,"4":0,"5":0},"b":{"0":[0],"1":[113,0],"2":[0],"3":[0],"4":[0],"5":[26],"6":[113,2],"7":[113,1],"8":[113,1],"9":[0,0],"10":[0,0],"11":[0],"12":[0,0]},"_coverageSchema":"1a1c01bbd47fc00a2c39e90264f33305004495a9","hash":"230945cdbd75e739fba3f97cb2e8ca8f117f43d5"}
,"C:\\Users\\koken\\OneDrive\\Documents\\GitHub\\payroll-automation\\backend\\src\\services\\authService.js": {"path":"C:\\Users\\koken\\OneDrive\\Documents\\GitHub\\payroll-automation\\backend\\src\\services\\authService.js","statementMap":{"0":{"start":{"line":1,"column":15},"end":{"line":1,"column":32}},"1":{"start":{"line":2,"column":12},"end":{"line":2,"column":35}},"2":{"start":{"line":3,"column":17},"end":{"line":3,"column":37}},"3":{"start":{"line":4,"column":36},"end":{"line":4,"column":61}},"4":{"start":{"line":5,"column":21},"end":{"line":5,"column":46}},"5":{"start":{"line":6,"column":17},"end":{"line":6,"column":45}},"6":{"start":{"line":8,"column":19},"end":{"line":14,"column":2}},"7":{"start":{"line":8,"column":30},"end":{"line":14,"column":1}},"8":{"start":{"line":16,"column":0},"end":{"line":61,"column":2}},"9":{"start":{"line":17,"column":17},"end":{"line":17,"column":57}},"10":{"start":{"line":18,"column":20},"end":{"line":18,"column":85}},"11":{"start":{"line":20,"column":4},"end":{"line":30,"column":5}},"12":{"start":{"line":21,"column":8},"end":{"line":28,"column":11}},"13":{"start":{"line":29,"column":8},"end":{"line":29,"column":94}},"14":{"start":{"line":32,"column":4},"end":{"line":42,"column":5}},"15":{"start":{"line":33,"column":8},"end":{"line":40,"column":11}},"16":{"start":{"line":41,"column":8},"end":{"line":41,"column":81}},"17":{"start":{"line":43,"column":4},"end":{"line":43,"column":109}},"18":{"start":{"line":43,"column":20},"end":{"line":43,"column":109}},"19":{"start":{"line":45,"column":24},"end":{"line":49,"column":5}},"20":{"start":{"line":50,"column":4},"end":{"line":50,"column":36}},"21":{"start":{"line":51,"column":4},"end":{"line":51,"column":22}},"22":{"start":{"line":52,"column":4},"end":{"line":58,"column":7}},"23":{"start":{"line":60,"column":4},"end":{"line":60,"column":51}},"24":{"start":{"line":63,"column":0},"end":{"line":63,"column":72}},"25":{"start":{"line":63,"column":54},"end":{"line":63,"column":71}},"26":{"start":{"line":65,"column":0},"end":{"line":73,"column":2}},"27":{"start":{"line":66,"column":4},"end":{"line":72,"column":7}}},"fnMap":{"0":{"name":"(anonymous_0)","decl":{"start":{"line":8,"column":19},"end":{"line":8,"column":20}},"loc":{"start":{"line":8,"column":30},"end":{"line":14,"column":1}},"line":8},"1":{"name":"(anonymous_1)","decl":{"start":{"line":16,"column":16},"end":{"line":16,"column":17}},"loc":{"start":{"line":16,"column":58},"end":{"line":61,"column":1}},"line":16},"2":{"name":"(anonymous_2)","decl":{"start":{"line":63,"column":25},"end":{"line":63,"column":26}},"loc":{"start":{"line":63,"column":54},"end":{"line":63,"column":71}},"line":63},"3":{"name":"(anonymous_3)","decl":{"start":{"line":65,"column":17},"end":{"line":65,"column":18}},"loc":{"start":{"line":65,"column":48},"end":{"line":73,"column":1}},"line":65}},"branchMap":{"0":{"loc":{"start":{"line":18,"column":20},"end":{"line":18,"column":85}},"type":"cond-expr","locations":[{"start":{"line":18,"column":27},"end":{"line":18,"column":77}},{"start":{"line":18,"column":80},"end":{"line":18,"column":85}}],"line":18},"1":{"loc":{"start":{"line":20,"column":4},"end":{"line":30,"column":5}},"type":"if","locations":[{"start":{"line":20,"column":4},"end":{"line":30,"column":5}},{"start":{},"end":{}}],"line":20},"2":{"loc":{"start":{"line":20,"column":8},"end":{"line":20,"column":25}},"type":"binary-expr","locations":[{"start":{"line":20,"column":8},"end":{"line":20,"column":13}},{"start":{"line":20,"column":17},"end":{"line":20,"column":25}}],"line":20},"3":{"loc":{"start":{"line":22,"column":18},"end":{"line":22,"column":48}},"type":"cond-expr","locations":[{"start":{"line":22,"column":25},"end":{"line":22,"column":41}},{"start":{"line":22,"column":44},"end":{"line":22,"column":48}}],"line":22},"4":{"loc":{"start":{"line":25,"column":22},"end":{"line":25,"column":38}},"type":"binary-expr","locations":[{"start":{"line":25,"column":22},"end":{"line":25,"column":30}},{"start":{"line":25,"column":34},"end":{"line":25,"column":38}}],"line":25},"5":{"loc":{"start":{"line":32,"column":4},"end":{"line":42,"column":5}},"type":"if","locations":[{"start":{"line":32,"column":4},"end":{"line":42,"column":5}},{"start":{},"end":{}}],"line":32},"6":{"loc":{"start":{"line":43,"column":4},"end":{"line":43,"column":109}},"type":"if","locations":[{"start":{"line":43,"column":4},"end":{"line":43,"column":109}},{"start":{},"end":{}}],"line":43},"7":{"loc":{"start":{"line":46,"column":36},"end":{"line":46,"column":57}},"type":"binary-expr","locations":[{"start":{"line":46,"column":36},"end":{"line":46,"column":49}},{"start":{"line":46,"column":53},"end":{"line":46,"column":57}}],"line":46}},"s":{"0":10,"1":10,"2":10,"3":10,"4":10,"5":10,"6":10,"7":44,"8":10,"9":24,"10":24,"11":24,"12":2,"13":2,"14":22,"15":1,"16":1,"17":21,"18":0,"19":21,"20":21,"21":21,"22":21,"23":21,"24":10,"25":1,"26":10,"27":1},"f":{"0":44,"1":24,"2":1,"3":1},"b":{"0":[23,1],"1":[2,22],"2":[24,23],"3":[1,1],"4":[2,1],"5":[1,21],"6":[0,21],"7":[21,15]},"_coverageSchema":"1a1c01bbd47fc00a2c39e90264f33305004495a9","hash":"c9abdf17fd94b1d19cc1f811c6b09a3cb18ce99a"}
,"C:\\Users\\koken\\OneDrive\\Documents\\GitHub\\payroll-automation\\backend\\src\\services\\hrmsSyncService.js": {"path":"C:\\Users\\koken\\OneDrive\\Documents\\GitHub\\payroll-automation\\backend\\src\\services\\hrmsSyncService.js","statementMap":{"0":{"start":{"line":1,"column":65},"end":{"line":1,"column":85}},"1":{"start":{"line":2,"column":20},"end":{"line":2,"column":54}},"2":{"start":{"line":3,"column":21},"end":{"line":3,"column":46}},"3":{"start":{"line":4,"column":23},"end":{"line":4,"column":50}},"4":{"start":{"line":5,"column":17},"end":{"line":5,"column":45}},"5":{"start":{"line":7,"column":18},"end":{"line":9,"column":2}},"6":{"start":{"line":7,"column":37},"end":{"line":9,"column":2}},"7":{"start":{"line":11,"column":21},"end":{"line":24,"column":2}},"8":{"start":{"line":11,"column":33},"end":{"line":24,"column":1}},"9":{"start":{"line":15,"column":47},"end":{"line":23,"column":5}},"10":{"start":{"line":26,"column":0},"end":{"line":60,"column":2}},"11":{"start":{"line":27,"column":18},"end":{"line":27,"column":42}},"12":{"start":{"line":28,"column":4},"end":{"line":28,"column":95}},"13":{"start":{"line":28,"column":16},"end":{"line":28,"column":95}},"14":{"start":{"line":29,"column":4},"end":{"line":29,"column":140}},"15":{"start":{"line":29,"column":38},"end":{"line":29,"column":140}},"16":{"start":{"line":30,"column":4},"end":{"line":30,"column":51}},"17":{"start":{"line":30,"column":38},"end":{"line":30,"column":51}},"18":{"start":{"line":32,"column":4},"end":{"line":34,"column":5}},"19":{"start":{"line":33,"column":8},"end":{"line":33,"column":126}},"20":{"start":{"line":35,"column":4},"end":{"line":35,"column":111}},"21":{"start":{"line":36,"column":4},"end":{"line":36,"column":156}},"22":{"start":{"line":38,"column":19},"end":{"line":38,"column":62}},"23":{"start":{"line":39,"column":4},"end":{"line":43,"column":5}},"24":{"start":{"line":40,"column":8},"end":{"line":40,"column":128}},"25":{"start":{"line":41,"column":8},"end":{"line":41,"column":175}},"26":{"start":{"line":42,"column":8},"end":{"line":42,"column":157}},"27":{"start":{"line":46,"column":4},"end":{"line":56,"column":7}},"28":{"start":{"line":47,"column":8},"end":{"line":53,"column":28}},"29":{"start":{"line":54,"column":8},"end":{"line":54,"column":124}},"30":{"start":{"line":55,"column":8},"end":{"line":55,"column":93}},"31":{"start":{"line":57,"column":4},"end":{"line":57,"column":228}},"32":{"start":{"line":58,"column":4},"end":{"line":58,"column":71}},"33":{"start":{"line":59,"column":4},"end":{"line":59,"column":31}},"34":{"start":{"line":62,"column":0},"end":{"line":67,"column":2}},"35":{"start":{"line":63,"column":18},"end":{"line":63,"column":54}},"36":{"start":{"line":64,"column":4},"end":{"line":64,"column":95}},"37":{"start":{"line":64,"column":16},"end":{"line":64,"column":95}},"38":{"start":{"line":65,"column":4},"end":{"line":65,"column":145}},"39":{"start":{"line":65,"column":45},"end":{"line":65,"column":145}},"40":{"start":{"line":66,"column":4},"end":{"line":66,"column":69}}},"fnMap":{"0":{"name":"(anonymous_0)","decl":{"start":{"line":7,"column":18},"end":{"line":7,"column":19}},"loc":{"start":{"line":7,"column":37},"end":{"line":9,"column":2}},"line":7},"1":{"name":"(anonymous_1)","decl":{"start":{"line":11,"column":21},"end":{"line":11,"column":22}},"loc":{"start":{"line":11,"column":33},"end":{"line":24,"column":1}},"line":11},"2":{"name":"(anonymous_2)","decl":{"start":{"line":15,"column":36},"end":{"line":15,"column":37}},"loc":{"start":{"line":15,"column":47},"end":{"line":23,"column":5}},"line":15},"3":{"name":"(anonymous_3)","decl":{"start":{"line":26,"column":15},"end":{"line":26,"column":16}},"loc":{"start":{"line":26,"column":72},"end":{"line":60,"column":1}},"line":26},"4":{"name":"(anonymous_4)","decl":{"start":{"line":46,"column":32},"end":{"line":46,"column":33}},"loc":{"start":{"line":46,"column":55},"end":{"line":56,"column":5}},"line":46},"5":{"name":"(anonymous_5)","decl":{"start":{"line":62,"column":16},"end":{"line":62,"column":17}},"loc":{"start":{"line":62,"column":56},"end":{"line":67,"column":1}},"line":62}},"branchMap":{"0":{"loc":{"start":{"line":26,"column":50},"end":{"line":26,"column":65}},"type":"default-arg","locations":[{"start":{"line":26,"column":60},"end":{"line":26,"column":65}}],"line":26},"1":{"loc":{"start":{"line":28,"column":4},"end":{"line":28,"column":95}},"type":"if","locations":[{"start":{"line":28,"column":4},"end":{"line":28,"column":95}},{"start":{},"end":{}}],"line":28},"2":{"loc":{"start":{"line":29,"column":4},"end":{"line":29,"column":140}},"type":"if","locations":[{"start":{"line":29,"column":4},"end":{"line":29,"column":140}},{"start":{},"end":{}}],"line":29},"3":{"loc":{"start":{"line":30,"column":4},"end":{"line":30,"column":51}},"type":"if","locations":[{"start":{"line":30,"column":4},"end":{"line":30,"column":51}},{"start":{},"end":{}}],"line":30},"4":{"loc":{"start":{"line":32,"column":4},"end":{"line":34,"column":5}},"type":"if","locations":[{"start":{"line":32,"column":4},"end":{"line":34,"column":5}},{"start":{},"end":{}}],"line":32},"5":{"loc":{"start":{"line":39,"column":4},"end":{"line":43,"column":5}},"type":"if","locations":[{"start":{"line":39,"column":4},"end":{"line":43,"column":5}},{"start":{},"end":{}}],"line":39},"6":{"loc":{"start":{"line":64,"column":4},"end":{"line":64,"column":95}},"type":"if","locations":[{"start":{"line":64,"column":4},"end":{"line":64,"column":95}},{"start":{},"end":{}}],"line":64},"7":{"loc":{"start":{"line":65,"column":4},"end":{"line":65,"column":145}},"type":"if","locations":[{"start":{"line":65,"column":4},"end":{"line":65,"column":145}},{"start":{},"end":{}}],"line":65}},"s":{"0":11,"1":11,"2":11,"3":11,"4":11,"5":11,"6":30,"7":11,"8":17,"9":17,"10":11,"11":17,"12":17,"13":0,"14":17,"15":0,"16":17,"17":0,"18":17,"19":1,"20":17,"21":17,"22":17,"23":17,"24":4,"25":4,"26":4,"27":13,"28":13,"29":13,"30":13,"31":13,"32":13,"33":13,"34":11,"35":2,"36":2,"37":0,"38":2,"39":1,"40":1},"f":{"0":30,"1":17,"2":17,"3":17,"4":13,"5":2},"b":{"0":[16],"1":[0,17],"2":[0,17],"3":[0,17],"4":[1,16],"5":[4,13],"6":[0,2],"7":[1,1]},"_coverageSchema":"1a1c01bbd47fc00a2c39e90264f33305004495a9","hash":"00b3dec157e51b3f9a1b84bcb19c0438f94d9dd4"}
,"C:\\Users\\koken\\OneDrive\\Documents\\GitHub\\payroll-automation\\backend\\src\\services\\paymentFileService.js": {"path":"C:\\Users\\koken\\OneDrive\\Documents\\GitHub\\payroll-automation\\backend\\src\\services\\paymentFileService.js","statementMap":{"0":{"start":{"line":1,"column":15},"end":{"line":1,"column":32}},"1":{"start":{"line":2,"column":15},"end":{"line":2,"column":35}},"2":{"start":{"line":3,"column":78},"end":{"line":3,"column":98}},"3":{"start":{"line":4,"column":25},"end":{"line":4,"column":61}},"4":{"start":{"line":5,"column":24},"end":{"line":5,"column":52}},"5":{"start":{"line":6,"column":21},"end":{"line":6,"column":46}},"6":{"start":{"line":7,"column":24},"end":{"line":7,"column":61}},"7":{"start":{"line":8,"column":26},"end":{"line":8,"column":63}},"8":{"start":{"line":9,"column":24},"end":{"line":9,"column":59}},"9":{"start":{"line":10,"column":17},"end":{"line":10,"column":45}},"10":{"start":{"line":12,"column":30},"end":{"line":16,"column":1}},"11":{"start":{"line":18,"column":26},"end":{"line":20,"column":2}},"12":{"start":{"line":18,"column":39},"end":{"line":20,"column":2}},"13":{"start":{"line":22,"column":25},"end":{"line":31,"column":1}},"14":{"start":{"line":23,"column":17},"end":{"line":23,"column":46}},"15":{"start":{"line":24,"column":4},"end":{"line":30,"column":6}},"16":{"start":{"line":33,"column":23},"end":{"line":61,"column":2}},"17":{"start":{"line":33,"column":35},"end":{"line":61,"column":1}},"18":{"start":{"line":63,"column":0},"end":{"line":102,"column":2}},"19":{"start":{"line":65,"column":4},"end":{"line":96,"column":7}},"20":{"start":{"line":66,"column":26},"end":{"line":66,"column":81}},"21":{"start":{"line":67,"column":8},"end":{"line":78,"column":28}},"22":{"start":{"line":80,"column":8},"end":{"line":95,"column":30}},"23":{"start":{"line":80,"column":80},"end":{"line":95,"column":9}},"24":{"start":{"line":98,"column":4},"end":{"line":98,"column":252}},"25":{"start":{"line":99,"column":24},"end":{"line":99,"column":97}},"26":{"start":{"line":100,"column":26},"end":{"line":100,"column":65}},"27":{"start":{"line":101,"column":4},"end":{"line":101,"column":41}},"28":{"start":{"line":104,"column":0},"end":{"line":123,"column":2}},"29":{"start":{"line":105,"column":18},"end":{"line":105,"column":20}},"30":{"start":{"line":106,"column":4},"end":{"line":106,"column":38}},"31":{"start":{"line":106,"column":16},"end":{"line":106,"column":38}},"32":{"start":{"line":107,"column":4},"end":{"line":110,"column":6}},"33":{"start":{"line":107,"column":16},"end":{"line":110,"column":6}},"34":{"start":{"line":111,"column":19},"end":{"line":121,"column":6}},"35":{"start":{"line":122,"column":4},"end":{"line":122,"column":74}},"36":{"start":{"line":125,"column":0},"end":{"line":152,"column":2}},"37":{"start":{"line":126,"column":18},"end":{"line":126,"column":50}},"38":{"start":{"line":127,"column":4},"end":{"line":127,"column":95}},"39":{"start":{"line":127,"column":16},"end":{"line":127,"column":95}},"40":{"start":{"line":128,"column":24},"end":{"line":128,"column":88}},"41":{"start":{"line":129,"column":4},"end":{"line":151,"column":6}},"42":{"start":{"line":137,"column":42},"end":{"line":150,"column":9}},"43":{"start":{"line":154,"column":0},"end":{"line":161,"column":2}},"44":{"start":{"line":155,"column":18},"end":{"line":155,"column":111}},"45":{"start":{"line":156,"column":4},"end":{"line":156,"column":95}},"46":{"start":{"line":156,"column":16},"end":{"line":156,"column":95}},"47":{"start":{"line":157,"column":4},"end":{"line":157,"column":139}},"48":{"start":{"line":157,"column":38},"end":{"line":157,"column":139}},"49":{"start":{"line":158,"column":4},"end":{"line":158,"column":125}},"50":{"start":{"line":158,"column":29},"end":{"line":158,"column":125}},"51":{"start":{"line":159,"column":4},"end":{"line":159,"column":165}},"52":{"start":{"line":160,"column":4},"end":{"line":160,"column":48}},"53":{"start":{"line":163,"column":0},"end":{"line":172,"column":2}},"54":{"start":{"line":164,"column":18},"end":{"line":164,"column":54}},"55":{"start":{"line":165,"column":4},"end":{"line":165,"column":95}},"56":{"start":{"line":165,"column":16},"end":{"line":165,"column":95}},"57":{"start":{"line":166,"column":4},"end":{"line":166,"column":174}},"58":{"start":{"line":166,"column":67},"end":{"line":166,"column":174}},"59":{"start":{"line":167,"column":4},"end":{"line":167,"column":126}},"60":{"start":{"line":170,"column":4},"end":{"line":170,"column":156}},"61":{"start":{"line":171,"column":4},"end":{"line":171,"column":33}},"62":{"start":{"line":174,"column":0},"end":{"line":215,"column":2}},"63":{"start":{"line":175,"column":16},"end":{"line":175,"column":26}},"64":{"start":{"line":176,"column":18},"end":{"line":176,"column":48}},"65":{"start":{"line":177,"column":22},"end":{"line":177,"column":68}},"66":{"start":{"line":178,"column":26},"end":{"line":178,"column":76}},"67":{"start":{"line":179,"column":94},"end":{"line":196,"column":6}},"68":{"start":{"line":197,"column":21},"end":{"line":197,"column":124}},"69":{"start":{"line":197,"column":56},"end":{"line":197,"column":118}},"70":{"start":{"line":198,"column":27},"end":{"line":198,"column":142}},"71":{"start":{"line":198,"column":53},"end":{"line":198,"column":81}},"72":{"start":{"line":198,"column":106},"end":{"line":198,"column":138}},"73":{"start":{"line":199,"column":4},"end":{"line":214,"column":6}},"74":{"start":{"line":217,"column":0},"end":{"line":217,"column":40}}},"fnMap":{"0":{"name":"(anonymous_0)","decl":{"start":{"line":18,"column":26},"end":{"line":18,"column":27}},"loc":{"start":{"line":18,"column":39},"end":{"line":20,"column":2}},"line":18},"1":{"name":"(anonymous_1)","decl":{"start":{"line":22,"column":25},"end":{"line":22,"column":26}},"loc":{"start":{"line":22,"column":43},"end":{"line":31,"column":1}},"line":22},"2":{"name":"(anonymous_2)","decl":{"start":{"line":33,"column":23},"end":{"line":33,"column":24}},"loc":{"start":{"line":33,"column":35},"end":{"line":61,"column":1}},"line":33},"3":{"name":"(anonymous_3)","decl":{"start":{"line":63,"column":19},"end":{"line":63,"column":20}},"loc":{"start":{"line":63,"column":63},"end":{"line":102,"column":1}},"line":63},"4":{"name":"(anonymous_4)","decl":{"start":{"line":65,"column":68},"end":{"line":65,"column":69}},"loc":{"start":{"line":65,"column":91},"end":{"line":96,"column":5}},"line":65},"5":{"name":"(anonymous_5)","decl":{"start":{"line":80,"column":69},"end":{"line":80,"column":70}},"loc":{"start":{"line":80,"column":80},"end":{"line":95,"column":9}},"line":80},"6":{"name":"(anonymous_6)","decl":{"start":{"line":104,"column":15},"end":{"line":104,"column":16}},"loc":{"start":{"line":104,"column":69},"end":{"line":123,"column":1}},"line":104},"7":{"name":"(anonymous_7)","decl":{"start":{"line":125,"column":18},"end":{"line":125,"column":19}},"loc":{"start":{"line":125,"column":37},"end":{"line":152,"column":1}},"line":125},"8":{"name":"(anonymous_8)","decl":{"start":{"line":137,"column":31},"end":{"line":137,"column":32}},"loc":{"start":{"line":137,"column":42},"end":{"line":150,"column":9}},"line":137},"9":{"name":"(anonymous_9)","decl":{"start":{"line":154,"column":28},"end":{"line":154,"column":29}},"loc":{"start":{"line":154,"column":68},"end":{"line":161,"column":1}},"line":154},"10":{"name":"(anonymous_10)","decl":{"start":{"line":163,"column":17},"end":{"line":163,"c
[...]
,"column":70},"end":{"line":211,"column":1}},"line":205}},"branchMap":{"0":{"loc":{"start":{"line":8,"column":110},"end":{"line":8,"column":120}},"type":"binary-expr","locations":[{"start":{"line":8,"column":110},"end":{"line":8,"column":115}},{"start":{"line":8,"column":119},"end":{"line":8,"column":120}}],"line":8},"1":{"loc":{"start":{"line":24,"column":17},"end":{"line":24,"column":60}},"type":"binary-expr","locations":[{"start":{"line":24,"column":17},"end":{"line":24,"column":52}},{"start":{"line":24,"column":56},"end":{"line":24,"column":60}}],"line":24},"2":{"loc":{"start":{"line":41,"column":12},"end":{"line":41,"column":48}},"type":"binary-expr","locations":[{"start":{"line":41,"column":12},"end":{"line":41,"column":40}},{"start":{"line":41,"column":44},"end":{"line":41,"column":48}}],"line":41},"3":{"loc":{"start":{"line":42,"column":10},"end":{"line":42,"column":48}},"type":"binary-expr","locations":[{"start":{"line":42,"column":10},"end":{"line":42,"column":40}},{"start":{"line":42,"column":44},"end":{"line":42,"column":48}}],"line":42},"4":{"loc":{"start":{"line":43,"column":23},"end":{"line":45,"column":14}},"type":"cond-expr","locations":[{"start":{"line":44,"column":10},"end":{"line":44,"column":62}},{"start":{"line":45,"column":10},"end":{"line":45,"column":14}}],"line":43},"5":{"loc":{"start":{"line":46,"column":19},"end":{"line":46,"column":75}},"type":"binary-expr","locations":[{"start":{"line":46,"column":19},"end":{"line":46,"column":67}},{"start":{"line":46,"column":71},"end":{"line":46,"column":75}}],"line":46},"6":{"loc":{"start":{"line":74,"column":4},"end":{"line":74,"column":40}},"type":"if","locations":[{"start":{"line":74,"column":4},"end":{"line":74,"column":40}},{"start":{},"end":{}}],"line":74},"7":{"loc":{"start":{"line":75,"column":4},"end":{"line":77,"column":5}},"type":"if","locations":[{"start":{"line":75,"column":4},"end":{"line":77,"column":5}},{"start":{},"end":{}}],"line":75},"8":{"loc":{"start":{"line":75,"column":8},"end":{"line":75,"column":86}},"type":"binary-expr","locations":[{"start":{"line":75,"column":8},"end":{"line":75,"column":32}},{"start":{"line":75,"column":36},"end":{"line":75,"column":49}},{"start":{"line":75,"column":53},"end":{"line":75,"column":86}}],"line":75},"9":{"loc":{"start":{"line":88,"column":4},"end":{"line":88,"column":95}},"type":"if","locations":[{"start":{"line":88,"column":4},"end":{"line":88,"column":95}},{"start":{},"end":{}}],"line":88},"10":{"loc":{"start":{"line":89,"column":4},"end":{"line":89,"column":124}},"type":"if","locations":[{"start":{"line":89,"column":4},"end":{"line":89,"column":124}},{"start":{},"end":{}}],"line":89},"11":{"loc":{"start":{"line":91,"column":24},"end":{"line":91,"column":84}},"type":"binary-expr","locations":[{"start":{"line":91,"column":24},"end":{"line":91,"column":48}},{"start":{"line":91,"column":52},"end":{"line":91,"column":84}}],"line":91},"12":{"loc":{"start":{"line":112,"column":4},"end":{"line":117,"column":5}},"type":"if","locations":[{"start":{"line":112,"column":4},"end":{"line":117,"column":5}},{"start":{},"end":{}}],"line":112},"13":{"loc":{"start":{"line":132,"column":4},"end":{"line":132,"column":95}},"type":"if","locations":[{"start":{"line":132,"column":4},"end":{"line":132,"column":95}},{"start":{},"end":{}}],"line":132},"14":{"loc":{"start":{"line":139,"column":4},"end":{"line":139,"column":113}},"type":"if","locations":[{"start":{"line":139,"column":4},"end":{"line":139,"column":113}},{"start":{},"end":{}}],"line":139},"15":{"loc":{"start":{"line":146,"column":4},"end":{"line":146,"column":130}},"type":"if","locations":[{"start":{"line":146,"column":4},"end":{"line":146,"column":130}},{"start":{},"end":{}}],"line":146},"16":{"loc":{"start":{"line":152,"column":55},"end":{"line":152,"column":67}},"type":"default-arg","locations":[{"start":{"line":152,"column":63},"end":{"line":152,"column":67}}],"line":152},"17":{"loc":{"start":{"line":154,"column":4},"end":{"line":154,"column":85}},"type":"if","locations":[{"start":{"line":154,"column":4},"end":{"line":154,"column":85}},{"start":{},"end":{}}],"line":154},"18":{"loc":{"start":{"line":156,"column":4},"end":{"line":156,"column":131}},"type":"if","locations":[{"start":{"line":156,"column":4},"end":{"line":156,"column":131}},{"start":{},"end":{}}],"line":156},"19":{"loc":{"start":{"line":176,"column":31},"end":{"line":176,"column":43}},"type":"default-arg","locations":[{"start":{"line":176,"column":38},"end":{"line":176,"column":43}}],"line":176},"20":{"loc":{"start":{"line":177,"column":22},"end":{"line":177,"column":59}},"type":"cond-expr","locations":[{"start":{"line":177,"column":29},"end":{"line":177,"column":45}},{"start":{"line":177,"column":48},"end":{"line":177,"column":59}}],"line":177},"21":{"loc":{"start":{"line":186,"column":4},"end":{"line":186,"column":48}},"type":"if","locations":[{"start":{"line":186,"column":4},"end":{"line":186,"column":48}},{"start":{},"end":{}}],"line":186},"22":{"loc":{"start":{"line":187,"column":4},"end":{"line":187,"column":91}},"type":"if","locations":[{"start":{"line":187,"column":4},"end":{"line":187,"column":91}},{"start":{},"end":{}}],"line":187},"23":{"loc":{"start":{"line":188,"column":4},"end":{"line":188,"column":76}},"type":"if","locations":[{"start":{"line":188,"column":4},"end":{"line":188,"column":76}},{"start":{},"end":{}}],"line":188}},"s":{"0":11,"1":11,"2":11,"3":11,"4":11,"5":11,"6":11,"7":7,"8":11,"9":3,"10":11,"11":8,"12":16,"13":8,"14":24,"15":8,"16":16,"17":16,"18":11,"19":11,"20":4,"21":1,"22":3,"23":1,"24":11,"25":13,"26":13,"27":0,"28":13,"29":0,"30":13,"31":13,"32":13,"33":13,"34":13,"35":13,"36":11,"37":13,"38":13,"39":11,"40":2,"41":2,"42":1,"43":1,"44":1,"45":1,"46":11,"47":1,"48":0,"49":1,"50":1,"51":1,"52":11,"53":2,"54":1,"55":1,"56":1,"57":1,"58":11,"59":5,"60":5,"61":1,"62":4,"63":3,"64":2,"65":3,"66":11,"67":1,"68":1,"69":1,"70":1,"71":69,"72":1,"73":1,"74":1,"75":1,"76":1,"77":1,"78":1,"79":1,"80":1,"81":1,"82":1,"83":1,"84":1,"85":12,"86":1,"87":1,"88":1,"89":1,"90":1,"91":1,"92":1,"93":1,"94":1,"95":1,"96":1,"97":1,"98":1,"99":1,"100":1,"101":1,"102":1,"103":2,"104":1,"105":1,"106":1,"107":1,"108":1,"109":2,"110":1,"111":1,"112":1,"113":1,"114":1,"115":11,"116":1,"117":1,"118":1,"119":1,"120":1,"121":11},"f":{"0":7,"1":3,"2":8,"3":16,"4":24,"5":16,"6":16,"7":4,"8":13,"9":13,"10":13,"11":13,"12":2,"13":1,"14":2,"15":5,"16":1,"17":1,"18":69,"19":1,"20":12,"21":2,"22":2,"23":1},"b":{"0":[7,0],"1":[8,0],"2":[8,0],"3":[8,0],"4":[8,0],"5":[8,0],"6":[1,3],"7":[1,2],"8":[3,3,3],"9":[0,13],"10":[0,13],"11":[13,0],"12":[13,0],"13":[1,1],"14":[0,1],"15":[1,1],"16":[4],"17":[1,4],"18":[2,1],"19":[9],"20":[3,9],"21":[1,0],"22":[1,0],"23":[1,0]},"_coverageSchema":"1a1c01bbd47fc00a2c39e90264f33305004495a9","hash":"3dc5f226504ae084ffffbb196320361a0f811284"}
,"C:\\Users\\koken\\OneDrive\\Documents\\GitHub\\payroll-automation\\backend\\src\\services\\staffBankService.js": {"path":"C:\\Users\\koken\\OneDrive\\Documents\\GitHub\\payroll-automation\\backend\\src\\services\\staffBankService.js","statementMap":{"0":{"start":{"line":1,"column":18},"end":{"line":1,"column":38}},"1":{"start":{"line":2,"column":21},"end":{"line":2,"column":46}},"2":{"start":{"line":3,"column":24},"end":{"line":3,"column":59}},"3":{"start":{"line":4,"column":17},"end":{"line":4,"column":45}},"4":{"start":{"line":6,"column":0},"end":{"line":25,"column":2}},"5":{"start":{"line":7,"column":18},"end":{"line":7,"column":47}},"6":{"start":{"line":8,"column":4},"end":{"line":8,"column":86}},"7":{"start":{"line":8,"column":16},"end":{"line":8,"column":86}},"8":{"start":{"line":9,"column":4},"end":{"line":9,"column":84}},"9":{"start":{"line":10,"column":4},"end":{"line":17,"column":7}},"10":{"start":{"line":18,"column":4},"end":{"line":24,"column":6}}},"fnMap":{"0":{"name":"(anonymous_0)","decl":{"start":{"line":6,"column":28},"end":{"line":6,"column":29}},"loc":{"start":{"line":6,"column":97},"end":{"line":25,"column":1}},"line":6}},"branchMap":{"0":{"loc":{"start":{"line":8,"column":4},"end":{"line":8,"column":86}},"type":"if","locations":[{"start":{"line":8,"column":4},"end":{"line":8,"column":86}},{"start":{},"end":{}}],"line":8}},"s":{"0":10,"1":10,"2":10,"3":10,"4":10,"5":2,"6":2,"7":1,"8":1,"9":1,"10":1},"f":{"0":2},"b":{"0":[1,1]},"_coverageSchema":"1a1c01bbd47fc00a2c39e90264f33305004495a9","hash":"edacbba0d0a23c9a0ab181989a0745b1a90be0cb"}
,"C:\\Users\\koken\\OneDrive\\Documents\\GitHub\\payroll-automation\\backend\\src\\utils\\AppError.js": {"path":"C:\\Users\\koken\\OneDrive\\Documents\\GitHub\\payroll-automation\\backend\\src\\utils\\AppError.js","statementMap":{"0":{"start":{"line":3,"column":8},"end":{"line":3,"column":23}},"1":{"start":{"line":4,"column":8},"end":{"line":4,"column":31}},"2":{"start":{"line":5,"column":8},"end":{"line":5,"column":29}},"3":{"start":{"line":6,"column":8},"end":{"line":6,"column":25}},"4":{"start":{"line":7,"column":8},"end":{"line":7,"column":31}},"5":{"start":{"line":11,"column":0},"end":{"line":11,"column":26}}},"fnMap":{"0":{"name":"(anonymous_0)","decl":{"start":{"line":2,"column":4},"end":{"line":2,"column":5}},"loc":{"start":{"line":2,"column":53},"end":{"line":8,"column":5}},"line":2}},"branchMap":{"0":{"loc":{"start":{"line":2,"column":39},"end":{"line":2,"column":51}},"type":"default-arg","locations":[{"start":{"line":2,"column":49},"end":{"line":2,"column":51}}],"line":2}},"s":{"0":45,"1":45,"2":45,"3":45,"4":45,"5":12},"f":{"0":45},"b":{"0":[35]},"_coverageSchema":"1a1c01bbd47fc00a2c39e90264f33305004495a9","hash":"610bdf5a50c74bc6dad34911edb345b10d60afb7"}
,"C:\\Users\\koken\\OneDrive\\Documents\\GitHub\\payroll-automation\\backend\\src\\utils\\generateReference.js": {"path":"C:\\Users\\koken\\OneDrive\\Documents\\GitHub\\payroll-automation\\backend\\src\\utils\\generateReference.js","statementMap":{"0":{"start":{"line":1,"column":15},"end":{"line":1,"column":32}},"1":{"start":{"line":3,"column":0},"end":{"line":7,"column":2}},"2":{"start":{"line":4,"column":22},"end":{"line":4,"column":83}},"3":{"start":{"line":5,"column":19},"end":{"line":5,"column":70}},"4":{"start":{"line":6,"column":4},"end":{"line":6,"column":46}}},"fnMap":{"0":{"name":"(anonymous_0)","decl":{"start":{"line":3,"column":17},"end":{"line":3,"column":18}},"loc":{"start":{"line":3,"column":29},"end":{"line":7,"column":1}},"line":3}},"branchMap":{},"s":{"0":11,"1":11,"2":16,"3":16,"4":16},"f":{"0":16},"b":{},"_coverageSchema":"1a1c01bbd47fc00a2c39e90264f33305004495a9","hash":"8a6bb1b0647a6b74b584b652895131fba3aaf7a3"}
,"C:\\Users\\koken\\OneDrive\\Documents\\GitHub\\payroll-automation\\backend\\src\\utils\\giroFileFormatter.js": {"path":"C:\\Users\\koken\\OneDrive\\Documents\\GitHub\\payroll-automation\\backend\\src\\utils\\giroFileFormatter.js","statementMap":{"0":{"start":{"line":1,"column":15},"end":{"line":9,"column":1}},"1":{"start":{"line":11,"column":23},"end":{"line":23,"column":1}},"2":{"start":{"line":12,"column":4},"end":{"line":14,"column":5}},"3":{"start":{"line":13,"column":8},"end":{"line":13,"column":18}},"4":{"start":{"line":16,"column":17},"end":{"line":16,"column":30}},"5":{"start":{"line":18,"column":4},"end":{"line":20,"column":5}},"6":{"start":{"line":19,"column":8},"end":{"line":19,"column":47}},"7":{"start":{"line":22,"column":4},"end":{"line":22,"column":16}},"8":{"start":{"line":25,"column":21},"end":{"line":39,"column":1}},"9":{"start":{"line":26,"column":4},"end":{"line":28,"column":5}},"10":{"start":{"line":27,"column":8},"end":{"line":27,"column":18}},"11":{"start":{"line":30,"column":19},"end":{"line":30,"column":32}},"12":{"start":{"line":32,"column":4},"end":{"line":36,"column":5}},"13":{"start":{"line":33,"column":8},"end":{"line":35,"column":10}},"14":{"start":{"line":38,"column":4},"end":{"line":38,"column":29}},"15":{"start":{"line":42,"column":4},"end":{"line":44,"column":5}},"16":{"start":{"line":43,"column":8},"end":{"line":43,"column":72}},"17":{"start":{"line":46,"column":4},"end":{"line":50,"column":5}},"18":{"start":{"line":47,"column":8},"end":{"line":49,"column":10}},"19":{"start":{"line":52,"column":4},"end":{"line":56,"column":5}},"20":{"start":{"line":53,"column":8},"end":{"line":55,"column":10}},"21":{"start":{"line":58,"column":4},"end":{"line":62,"column":5}},"22":{"start":{"line":59,"column":8},"end":{"line":61,"column":10}},"23":{"start":{"line":64,"column":17},"end":{"line":82,"column":6}},"24":{"start":{"line":65,"column":8},"end":{"line":69,"column":9}},"25":{"start":{"line":66,"column":12},"end":{"line":68,"column":14}},"26":{"start":{"line":71,"column":8},"end":{"line":81,"column":23}},"27":{"start":{"line":84,"column":4},"end":{"line":88,"column":6}},"28":{"start":{"line":91,"column":0},"end":{"line":91,"column":33}}},"fnMap":{"0":{"name":"(anonymous_0)","decl":{"start":{"line":11,"column":23},"end":{"line":11,"column":24}},"loc":{"start":{"line":11,"column":34},"end":{"line":23,"column":1}},"line":11},"1":{"name":"(anonymous_1)","decl":{"start":{"line":25,"column":21},"end":{"line":25,"column":22}},"loc":{"start":{"line":25,"column":32},"end":{"line":39,"column":1}},"line":25},"2":{"name":"generateGiroCsv","decl":{"start":{"line":41,"column":9},"end":{"line":41,"column":24}},"loc":{"start":{"line":41,"column":44},"end":{"line":89,"column":1}},"line":41},"3":{"name":"(anonymous_3)","decl":{"start":{"line":64,"column":32},"end":{"line":64,"column":33}},"loc":{"start":{"line":64,"column":49},"end":{"line":82,"column":5}},"line":64}},"branchMap":{"0":{"loc":{"start":{"line":12,"column":4},"end":{"line":14,"column":5}},"type":"if","locations":[{"start":{"line":12,"column":4},"end":{"line":14,"column":5}},{"start":{},"end":{}}],"line":12},"1":{"loc":{"start":{"line":12,"column":8},"end":{"line":12,"column":45}},"type":"binary-expr","locations":[{"start":{"line":12,"column":8},"end":{"line":12,"column":22}},{"start":{"line":12,"column":26},"end":{"line":12,"column":45}}],"line":12},"2":{"loc":{"start":{"line":18,"column":4},"end":{"line":20,"column":5}},"type":"if","locations":[{"start":{"line":18,"column":4},"end":{"line":20,"column":5}},{"start":{},"end":{}}],"line":18},"3":{"loc":{"start":{"line":26,"column":4},"end":{"line":28,"column":5}},"type":"if","locations":[{"start":{"line":26,"column":4},"end":{"line":28,"column":5}},{"start":{},"end":{}}],"line":26},"4":{"loc":{"start":{"line":26,"column":8},"end":{"line":26,"column":61}},"type":"binary-expr","locations":[{"start":{"line":26,"column":8},"end":{"line":26,"column":22}},{"start":{"line":26,"column":26},"end":{"line":26,"column":45}},{"start":{"line":26,"column":49},"end":{"line":26,"column":61}}],"line":26},"5":{"loc":{"start":{"line":32,"column":4},"end":{"line":36,"column":5}},"type":"if","locations":[{"start":{"line":32,"column":4},"end":{"line":36,"column":5}},{"start":{},"end":{}}],"line":32},"6":{"loc":{"start":{"line":42,"column":4},"end":{"line":44,"column":5}},"type":"if","locations":[{"start":{"line":42,"column":4},"end":{"line":44,"column":5}},{"start":{},"end":{}}],"line":42},"7":{"loc":{"start":{"line":46,"column":4},"end":{"line":50,"column":5}},"type":"if","locations":[{"start":{"line":46,"column":4},"end":{"line":50,"column":5}},{"start":{},"end":{}}],"line":46},"8":{"loc":{"start":{"line":52,"column":4},"end":{"line":56,"column":5}},"type":"if","locations":[{"start":{"line":52,"column":4},"end":{"line":56,"column":5}},{"start":{},"end":{}}],"line":52},"9":{"loc":{"start":{"line":58,"column":4},"end":{"line":62,"column":5}},"type":"if","locations":[{"start":{"line":58,"column":4},"end":{"line":62,"column":5}},{"start":{},"end":{}}],"line":58},"10":{"loc":{"start":{"line":65,"column":8},"end":{"line":69,"column":9}},"type":"if","locations":[{"start":{"line":65,"column":8},"end":{"line":69,"column":9}},{"start":{},"end":{}}],"line":65}},"s":{"0":12,"1":12,"2":35,"3":0,"4":35,"5":35,"6":3,"7":32,"8":12,"9":5,"10":0,"11":5,"12":5,"13":0,"14":5,"15":5,"16":0,"17":5,"18":0,"19":5,"20":0,"21":5,"22":0,"23":5,"24":5,"25":0,"26":5,"27":5,"28":12},"f":{"0":35,"1":5,"2":5,"3":5},"b":{"0":[0,35],"1":[35,35],"2":[3,32],"3":[0,5],"4":[5,5,5],"5":[0,5],"6":[0,5],"7":[0,5],"8":[0,5],"9":[0,5],"10":[0,5]},"_coverageSchema":"1a1c01bbd47fc00a2c39e90264f33305004495a9","hash":"9367ea9357ba11d17f57c62daf2fdffc6c0f3b79"}
,"C:\\Users\\koken\\OneDrive\\Documents\\GitHub\\payroll-automation\\backend\\src\\utils\\maskBankAccount.js": {"path":"C:\\Users\\koken\\OneDrive\\Documents\\GitHub\\payroll-automation\\backend\\src\\utils\\maskBankAccount.js","statementMap":{"0":{"start":{"line":1,"column":0},"end":{"line":5,"column":2}},"1":{"start":{"line":2,"column":4},"end":{"line":2,"column":36}},"2":{"start":{"line":2,"column":24},"end":{"line":2,"column":36}},"3":{"start":{"line":3,"column":18},"end":{"line":3,"column":39}},"4":{"start":{"line":4,"column":4},"end":{"line":4,"column":53}}},"fnMap":{"0":{"name":"(anonymous_0)","decl":{"start":{"line":1,"column":17},"end":{"line":1,"column":18}},"loc":{"start":{"line":1,"column":36},"end":{"line":5,"column":1}},"line":1}},"branchMap":{"0":{"loc":{"start":{"line":2,"column":4},"end":{"line":2,"column":36}},"type":"if","locations":[{"start":{"line":2,"column":4},"end":{"line":2,"column":36}},{"start":{},"end":{}}],"line":2}},"s":{"0":11,"1":15,"2":1,"3":14,"4":14},"f":{"0":15},"b":{"0":[1,14]},"_coverageSchema":"1a1c01bbd47fc00a2c39e90264f33305004495a9","hash":"15c64ce72eaf0519948b5a6ba1c76e7336831b1e"}
,"C:\\Users\\koken\\OneDrive\\Documents\\GitHub\\payroll-automation\\backend\\src\\validators\\authValidator.js": {"path":"C:\\Users\\koken\\OneDrive\\Documents\\GitHub\\payroll-automation\\backend\\src\\validators\\authValidator.js","statementMap":{"0":{"start":{"line":1,"column":12},"end":{"line":1,"column":26}},"1":{"start":{"line":3,"column":20},"end":{"line":6,"column":18}},"2":{"start":{"line":8,"column":0},"end":{"line":8,"column":33}}},"fnMap":{},"branchMap":{},"s":{"0":10,"1":10,"2":10},"f":{},"b":{},"_coverageSchema":"1a1c01bbd47fc00a2c39e90264f33305004495a9","hash":"dfd2f2c8e9c021498eb95bac079369526210f897"}
,"C:\\Users\\koken\\OneDrive\\Documents\\GitHub\\payroll-automation\\backend\\src\\validators\\paymentValidator.js": {"path":"C:\\Users\\koken\\OneDrive\\Documents\\GitHub\\payroll-automation\\backend\\src\\validators\\paymentValidator.js","statementMap":{"0":{"start":{"line":1,"column":12},"end":{"line":1,"column":26}},"1":{"start":{"line":2,"column":21},"end":{"line":2,"column":154}},"2":{"start":{"line":2,"column":27},"end":{"line":2,"column":154}},"3":{"start":{"line":4,"column":0},"end":{"line":6,"column":19}},"4":{"start":{"line":8,"column":0},"end":{"line":8,"column":95}},"5":{"start":{"line":9,"column":0},"end":{"line":9,"column":95}},"6":{"start":{"line":10,"column":0},"end":{"line":10,"column":95}},"7":{"start":{"line":11,"column":0},"end":{"line":16,"column":19}},"8":{"start":{"line":18,"column":0},"end":{"line":20,"column":19}},"9":{"start":{"line":22,"column":0},"end":{"line":25,"column":19}}},"fnMap":{"0":{"name":"(anonymous_0)","decl":{"start":{"line":2,"column":21},"end":{"line":2,"column":22}},"loc":{"start":{"line":2,"column":27},"end":{"line":2,"column":154}},"line":2}},"branchMap":{},"s":{"0":10,"1":10,"2":40,"3":10,"4":10,"5":10,"6":10,"7":10,"8":10,"9":10},"f":{"0":40},"b":{},"_coverageSchema":"1a1c01bbd47fc00a2c39e90264f33305004495a9","hash":"2f2ab3ffab64dc754aefaeffaf1729cb00122b2b"}
,"C:\\Users\\koken\\OneDrive\\Documents\\GitHub\\payroll-automation\\backend\\src\\validators\\payslipValidator.js": {"path":"C:\\Users\\koken\\OneDrive\\Documents\\GitHub\\payroll-automation\\backend\\src\\validators\\payslipValidator.js","statementMap":{"0":{"start":{"line":1,"column":12},"end":{"line":1,"column":26}},"1":{"start":{"line":2,"column":21},"end":{"line":2,"column":148}},"2":{"start":{"line":4,"column":0},"end":{"line":4,"column":97}}},"fnMap":{},"branchMap":{},"s":{"0":10,"1":10,"2":10},"f":{},"b":{},"_coverageSchema":"1a1c01bbd47fc00a2c39e90264f33305004495a9","hash":"27dba423434db51c0910b4a9ffa8edf52591c4e1"}
}
